时间:2018-11-30 22:20:14,211 
级别:INFO 
类名:Chess.Utility.LogHelper 
内容:userid=>702347,gameid=>702557 

时间:2018-11-30 22:20:18,661 
级别:INFO 
类名:Chess.Utility.LogHelper 
内容:value=>30002,1,GroupOwner 

时间:2018-11-30 22:20:18,685 
级别:INFO 
类名:Chess.Utility.LogHelper 
内容:cookie.value=>1 

时间:2018-11-30 22:20:18,685 
级别:INFO 
类名:Chess.Utility.LogHelper 
内容:cache.key=>Chess.User.1 

时间:2018-11-30 22:20:18,685 
级别:INFO 
类名:Chess.Utility.LogHelper 
内容:cache.IsExists=>True 

时间:2018-11-30 22:21:54,503 
级别:INFO 
类名:Chess.Utility.LogHelper 
内容:cookie.value=>1 

时间:2018-11-30 22:21:54,504 
级别:INFO 
类名:Chess.Utility.LogHelper 
内容:cache.key=>Chess.User.1 

时间:2018-11-30 22:21:54,504 
级别:INFO 
类名:Chess.Utility.LogHelper 
内容:cache.IsExists=>True 

时间:2018-11-30 22:22:11,588 
级别:INFO 
类名:Chess.Utility.LogHelper 
内容:cookie.value=>1 

时间:2018-11-30 22:22:11,588 
级别:INFO 
类名:Chess.Utility.LogHelper 
内容:cache.key=>Chess.User.1 

时间:2018-11-30 22:22:11,588 
级别:INFO 
类名:Chess.Utility.LogHelper 
内容:cache.IsExists=>True 

时间:2018-11-30 22:22:11,588 
级别:INFO 
类名:Chess.Utility.LogHelper 
内容:IsAuthorization=>True,webContext.CurrentUser.UserIdentity=>GroupOwner,webContext.CurrentUser.Id=>1 

时间:2018-11-30 22:22:20,178 
级别:INFO 
类名:Chess.Utility.LogHelper 
内容:cookie.value=>1 

时间:2018-11-30 22:22:20,178 
级别:INFO 
类名:Chess.Utility.LogHelper 
内容:cache.key=>Chess.User.1 

时间:2018-11-30 22:22:20,178 
级别:INFO 
类名:Chess.Utility.LogHelper 
内容:cache.IsExists=>True 

时间:2018-11-30 22:22:23,364 
级别:INFO 
类名:Chess.Utility.LogHelper 
内容:cookie.value=>1 

时间:2018-11-30 22:22:23,364 
级别:INFO 
类名:Chess.Utility.LogHelper 
内容:cache.key=>Chess.User.1 

时间:2018-11-30 22:22:23,364 
级别:INFO 
类名:Chess.Utility.LogHelper 
内容:cache.IsExists=>True 

时间:2018-11-30 22:22:31,290 
级别:INFO 
类名:Chess.Utility.LogHelper 
内容:cookie.value=>1 

时间:2018-11-30 22:22:31,290 
级别:INFO 
类名:Chess.Utility.LogHelper 
内容:cache.key=>Chess.User.1 

时间:2018-11-30 22:22:31,290 
级别:INFO 
类名:Chess.Utility.LogHelper 
内容:cache.IsExists=>True 

时间:2018-11-30 22:22:31,290 
级别:INFO 
类名:Chess.Utility.LogHelper 
内容:IsAuthorization=>True,webContext.CurrentUser.UserIdentity=>GroupOwner,webContext.CurrentUser.Id=>1 

时间:2018-11-30 22:23:36,054 
级别:INFO 
类名:Chess.Utility.LogHelper 
内容:cookie.value=>1 

时间:2018-11-30 22:23:36,054 
级别:INFO 
类名:Chess.Utility.LogHelper 
内容:cache.key=>Chess.User.1 

时间:2018-11-30 22:23:36,054 
级别:INFO 
类名:Chess.Utility.LogHelper 
内容:cache.IsExists=>True 

时间:2018-11-30 22:23:39,860 
级别:INFO 
类名:Chess.Utility.LogHelper 
内容:cookie.value=>1 

时间:2018-11-30 22:23:39,860 
级别:INFO 
类名:Chess.Utility.LogHelper 
内容:cache.key=>Chess.User.1 

时间:2018-11-30 22:23:39,860 
级别:INFO 
类名:Chess.Utility.LogHelper 
内容:cache.IsExists=>True 

时间:2018-11-30 22:23:42,579 
级别:INFO 
类名:Chess.Utility.LogHelper 
内容:cookie.value=>1 

时间:2018-11-30 22:23:42,579 
级别:INFO 
类名:Chess.Utility.LogHelper 
内容:cache.key=>Chess.User.1 

时间:2018-11-30 22:23:42,579 
级别:INFO 
类名:Chess.Utility.LogHelper 
内容:cache.IsExists=>True 

时间:2018-11-30 22:23:42,579 
级别:INFO 
类名:Chess.Utility.LogHelper 
内容:IsAuthorization=>True,webContext.CurrentUser.UserIdentity=>GroupOwner,webContext.CurrentUser.Id=>1 

时间:2018-11-30 22:25:31,159 
级别:INFO 
类名:Chess.Utility.LogHelper 
内容:userid=>702347,gameid=>702557 

时间:2018-11-30 22:25:36,299 
级别:INFO 
类名:Chess.Utility.LogHelper 
内容:value=>30002,1,GroupOwner 

时间:2018-11-30 22:25:36,768 
级别:INFO 
类名:Chess.Utility.LogHelper 
内容:cookie.value=>1 

时间:2018-11-30 22:25:36,768 
级别:INFO 
类名:Chess.Utility.LogHelper 
内容:cache.key=>Chess.User.1 

时间:2018-11-30 22:25:36,768 
级别:INFO 
类名:Chess.Utility.LogHelper 
内容:cache.IsExists=>True 

时间:2018-11-30 22:25:45,375 
级别:INFO 
类名:Chess.Utility.LogHelper 
内容:cookie.value=>1 

时间:2018-11-30 22:25:45,375 
级别:INFO 
类名:Chess.Utility.LogHelper 
内容:cache.key=>Chess.User.1 

时间:2018-11-30 22:25:45,376 
级别:INFO 
类名:Chess.Utility.LogHelper 
内容:cache.IsExists=>True 

时间:2018-11-30 22:25:48,394 
级别:INFO 
类名:Chess.Utility.LogHelper 
内容:cookie.value=>1 

时间:2018-11-30 22:25:48,394 
级别:INFO 
类名:Chess.Utility.LogHelper 
内容:cache.key=>Chess.User.1 

时间:2018-11-30 22:25:48,394 
级别:INFO 
类名:Chess.Utility.LogHelper 
内容:cache.IsExists=>True 

时间:2018-11-30 22:25:48,395 
级别:INFO 
类名:Chess.Utility.LogHelper 
内容:IsAuthorization=>True,webContext.CurrentUser.UserIdentity=>GroupOwner,webContext.CurrentUser.Id=>1 

时间:2018-11-30 22:27:02,018 
级别:INFO 
类名:Chess.Utility.LogHelper 
内容:cookie.value=>1 

时间:2018-11-30 22:27:02,019 
级别:INFO 
类名:Chess.Utility.LogHelper 
内容:cache.key=>Chess.User.1 

时间:2018-11-30 22:27:02,019 
级别:INFO 
类名:Chess.Utility.LogHelper 
内容:cache.IsExists=>True 

时间:2018-11-30 22:27:06,981 
级别:INFO 
类名:Chess.Utility.LogHelper 
内容:cookie.value=>1 

时间:2018-11-30 22:27:06,981 
级别:INFO 
类名:Chess.Utility.LogHelper 
内容:cache.key=>Chess.User.1 

时间:2018-11-30 22:27:06,981 
级别:INFO 
类名:Chess.Utility.LogHelper 
内容:cache.IsExists=>True 

时间:2018-11-30 22:27:15,947 
级别:INFO 
类名:Chess.Utility.LogHelper 
内容:cookie.value=>1 

时间:2018-11-30 22:27:15,947 
级别:INFO 
类名:Chess.Utility.LogHelper 
内容:cache.key=>Chess.User.1 

时间:2018-11-30 22:27:15,947 
级别:INFO 
类名:Chess.Utility.LogHelper 
内容:cache.IsExists=>True 

时间:2018-11-30 22:27:15,947 
级别:INFO 
类名:Chess.Utility.LogHelper 
内容:IsAuthorization=>True,webContext.CurrentUser.UserIdentity=>GroupOwner,webContext.CurrentUser.Id=>1 

时间:2018-11-30 22:28:00,048 
级别:INFO 
类名:Chess.Utility.LogHelper 
内容:cookie.value=>1 

时间:2018-11-30 22:28:00,048 
级别:INFO 
类名:Chess.Utility.LogHelper 
内容:cache.key=>Chess.User.1 

时间:2018-11-30 22:28:00,048 
级别:INFO 
类名:Chess.Utility.LogHelper 
内容:cache.IsExists=>True 

时间:2018-11-30 22:28:00,048 
级别:INFO 
类名:Chess.Utility.LogHelper 
内容:IsAuthorization=>True,webContext.CurrentUser.UserIdentity=>GroupOwner,webContext.CurrentUser.Id=>1 

时间:2018-11-30 22:31:05,220 
级别:INFO 
类名:Chess.Utility.LogHelper 
内容:userid=>702347,gameid=>702557 

时间:2018-11-30 22:31:10,329 
级别:INFO 
类名:Chess.Utility.LogHelper 
内容:value=>30002,1,GroupOwner 

时间:2018-11-30 22:31:10,348 
级别:INFO 
类名:Chess.Utility.LogHelper 
内容:cookie.value=>1 

时间:2018-11-30 22:31:10,348 
级别:INFO 
类名:Chess.Utility.LogHelper 
内容:cache.key=>Chess.User.1 

时间:2018-11-30 22:31:10,348 
级别:INFO 
类名:Chess.Utility.LogHelper 
内容:cache.IsExists=>True 

时间:2018-11-30 22:31:18,473 
级别:INFO 
类名:Chess.Utility.LogHelper 
内容:cookie.value=>1 

时间:2018-11-30 22:31:18,473 
级别:INFO 
类名:Chess.Utility.LogHelper 
内容:cache.key=>Chess.User.1 

时间:2018-11-30 22:31:18,473 
级别:INFO 
类名:Chess.Utility.LogHelper 
内容:cache.IsExists=>True 

时间:2018-11-30 22:31:20,937 
级别:INFO 
类名:Chess.Utility.LogHelper 
内容:cookie.value=>1 

时间:2018-11-30 22:31:20,937 
级别:INFO 
类名:Chess.Utility.LogHelper 
内容:cache.key=>Chess.User.1 

时间:2018-11-30 22:31:20,937 
级别:INFO 
类名:Chess.Utility.LogHelper 
内容:cache.IsExists=>True 

时间:2018-11-30 22:31:20,938 
级别:INFO 
类名:Chess.Utility.LogHelper 
内容:IsAuthorization=>True,webContext.CurrentUser.UserIdentity=>GroupOwner,webContext.CurrentUser.Id=>1 

时间:2018-11-30 22:33:33,237 
级别:INFO 
类名:Chess.Utility.LogHelper 
内容:userid=>702347,gameid=>702557 

时间:2018-11-30 22:33:37,040 
级别:INFO 
类名:Chess.Utility.LogHelper 
内容:value=>30002,1,GroupOwner 

时间:2018-11-30 22:33:37,062 
级别:INFO 
类名:Chess.Utility.LogHelper 
内容:cookie.value=>1 

时间:2018-11-30 22:33:37,062 
级别:INFO 
类名:Chess.Utility.LogHelper 
内容:cache.key=>Chess.User.1 

时间:2018-11-30 22:33:37,063 
级别:INFO 
类名:Chess.Utility.LogHelper 
内容:cache.IsExists=>True 

时间:2018-11-30 22:33:58,745 
级别:INFO 
类名:Chess.Utility.LogHelper 
内容:cookie.value=>1 

时间:2018-11-30 22:33:58,745 
级别:INFO 
类名:Chess.Utility.LogHelper 
内容:cache.key=>Chess.User.1 

时间:2018-11-30 22:33:58,745 
级别:INFO 
类名:Chess.Utility.LogHelper 
内容:cache.IsExists=>True 

时间:2018-11-30 22:34:03,506 
级别:INFO 
类名:Chess.Utility.LogHelper 
内容:cookie.value=>1 

时间:2018-11-30 22:34:03,506 
级别:INFO 
类名:Chess.Utility.LogHelper 
内容:cache.key=>Chess.User.1 

时间:2018-11-30 22:34:03,506 
级别:INFO 
类名:Chess.Utility.LogHelper 
内容:cache.IsExists=>True 

时间:2018-11-30 22:34:03,507 
级别:INFO 
类名:Chess.Utility.LogHelper 
内容:IsAuthorization=>True,webContext.CurrentUser.UserIdentity=>GroupOwner,webContext.CurrentUser.Id=>1 

时间:2018-11-30 22:34:21,650 
级别:INFO 
类名:Chess.Utility.LogHelper 
内容:url=>https://dwz.cn/admin/create?url=http://score.mxiong.com.cn/RecordLog/GetRecordLog?u=2B6B7A346D4849474262555047554C416748716F70513D3D 

时间:2018-11-30 22:37:12,061 
级别:INFO 
类名:Chess.Utility.LogHelper 
内容:userid=>702347,gameid=>702557 

时间:2018-11-30 22:37:16,192 
级别:INFO 
类名:Chess.Utility.LogHelper 
内容:value=>30002,1,GroupOwner 

时间:2018-11-30 22:37:16,213 
级别:INFO 
类名:Chess.Utility.LogHelper 
内容:cookie.value=>1 

时间:2018-11-30 22:37:16,213 
级别:INFO 
类名:Chess.Utility.LogHelper 
内容:cache.key=>Chess.User.1 

时间:2018-11-30 22:37:16,213 
级别:INFO 
类名:Chess.Utility.LogHelper 
内容:cache.IsExists=>True 

时间:2018-11-30 22:37:37,751 
级别:INFO 
类名:Chess.Utility.LogHelper 
内容:cookie.value=>1 

时间:2018-11-30 22:37:37,751 
级别:INFO 
类名:Chess.Utility.LogHelper 
内容:cache.key=>Chess.User.1 

时间:2018-11-30 22:37:37,751 
级别:INFO 
类名:Chess.Utility.LogHelper 
内容:cache.IsExists=>True 

时间:2018-11-30 22:37:39,577 
级别:INFO 
类名:Chess.Utility.LogHelper 
内容:cookie.value=>1 

时间:2018-11-30 22:37:39,577 
级别:INFO 
类名:Chess.Utility.LogHelper 
内容:cache.key=>Chess.User.1 

时间:2018-11-30 22:37:39,577 
级别:INFO 
类名:Chess.Utility.LogHelper 
内容:cache.IsExists=>True 

时间:2018-11-30 22:37:39,578 
级别:INFO 
类名:Chess.Utility.LogHelper 
内容:IsAuthorization=>True,webContext.CurrentUser.UserIdentity=>GroupOwner,webContext.CurrentUser.Id=>1 

时间:2018-11-30 22:38:09,764 
级别:INFO 
类名:Chess.Utility.LogHelper 
内容:userid=>702347,gameid=>702557 

时间:2018-11-30 22:38:13,908 
级别:INFO 
类名:Chess.Utility.LogHelper 
内容:value=>30002,1,GroupOwner 

时间:2018-11-30 22:38:13,933 
级别:INFO 
类名:Chess.Utility.LogHelper 
内容:cookie.value=>1 

时间:2018-11-30 22:38:13,934 
级别:INFO 
类名:Chess.Utility.LogHelper 
内容:cache.key=>Chess.User.1 

时间:2018-11-30 22:38:13,934 
级别:INFO 
类名:Chess.Utility.LogHelper 
内容:cache.IsExists=>True 

时间:2018-11-30 22:38:30,432 
级别:INFO 
类名:Chess.Utility.LogHelper 
内容:cookie.value=>1 

时间:2018-11-30 22:38:30,432 
级别:INFO 
类名:Chess.Utility.LogHelper 
内容:cache.key=>Chess.User.1 

时间:2018-11-30 22:38:30,432 
级别:INFO 
类名:Chess.Utility.LogHelper 
内容:cache.IsExists=>True 

时间:2018-11-30 22:38:32,643 
级别:INFO 
类名:Chess.Utility.LogHelper 
内容:cookie.value=>1 

时间:2018-11-30 22:38:32,643 
级别:INFO 
类名:Chess.Utility.LogHelper 
内容:cache.key=>Chess.User.1 

时间:2018-11-30 22:38:32,643 
级别:INFO 
类名:Chess.Utility.LogHelper 
内容:cache.IsExists=>True 

时间:2018-11-30 22:38:32,643 
级别:INFO 
类名:Chess.Utility.LogHelper 
内容:IsAuthorization=>True,webContext.CurrentUser.UserIdentity=>GroupOwner,webContext.CurrentUser.Id=>1 

时间:2018-11-30 22:38:54,051 
级别:INFO 
类名:Chess.Utility.LogHelper 
内容:cookie.value=>1 

时间:2018-11-30 22:38:54,051 
级别:INFO 
类名:Chess.Utility.LogHelper 
内容:cache.key=>Chess.User.1 

时间:2018-11-30 22:38:54,051 
级别:INFO 
类名:Chess.Utility.LogHelper 
内容:cache.IsExists=>True 

时间:2018-11-30 22:39:15,071 
级别:INFO 
类名:Chess.Utility.LogHelper 
内容:cookie.value=>1 

时间:2018-11-30 22:39:15,071 
级别:INFO 
类名:Chess.Utility.LogHelper 
内容:cache.key=>Chess.User.1 

时间:2018-11-30 22:39:15,071 
级别:INFO 
类名:Chess.Utility.LogHelper 
内容:cache.IsExists=>True 

时间:2018-11-30 22:39:16,879 
级别:INFO 
类名:Chess.Utility.LogHelper 
内容:cookie.value=>1 

时间:2018-11-30 22:39:16,879 
级别:INFO 
类名:Chess.Utility.LogHelper 
内容:cache.key=>Chess.User.1 

时间:2018-11-30 22:39:16,879 
级别:INFO 
类名:Chess.Utility.LogHelper 
内容:cache.IsExists=>True 

时间:2018-11-30 22:39:16,879 
级别:INFO 
类名:Chess.Utility.LogHelper 
内容:IsAuthorization=>True,webContext.CurrentUser.UserIdentity=>GroupOwner,webContext.CurrentUser.Id=>1 

时间:2018-11-30 22:39:32,896 
级别:INFO 
类名:Chess.Utility.LogHelper 
内容:cookie.value=>1 

时间:2018-11-30 22:39:32,896 
级别:INFO 
类名:Chess.Utility.LogHelper 
内容:cache.key=>Chess.User.1 

时间:2018-11-30 22:39:32,896 
级别:INFO 
类名:Chess.Utility.LogHelper 
内容:cache.IsExists=>True 

时间:2018-11-30 22:39:36,276 
级别:INFO 
类名:Chess.Utility.LogHelper 
内容:cookie.value=>1 

时间:2018-11-30 22:39:36,276 
级别:INFO 
类名:Chess.Utility.LogHelper 
内容:cache.key=>Chess.User.1 

时间:2018-11-30 22:39:36,276 
级别:INFO 
类名:Chess.Utility.LogHelper 
内容:cache.IsExists=>True 

时间:2018-11-30 22:39:38,697 
级别:INFO 
类名:Chess.Utility.LogHelper 
内容:cookie.value=>1 

时间:2018-11-30 22:39:38,697 
级别:INFO 
类名:Chess.Utility.LogHelper 
内容:cache.key=>Chess.User.1 

时间:2018-11-30 22:39:38,697 
级别:INFO 
类名:Chess.Utility.LogHelper 
内容:cache.IsExists=>True 

时间:2018-11-30 22:39:38,697 
级别:INFO 
类名:Chess.Utility.LogHelper 
内容:IsAuthorization=>True,webContext.CurrentUser.UserIdentity=>GroupOwner,webContext.CurrentUser.Id=>1 

时间:2018-11-30 22:40:54,880 
级别:INFO 
类名:Chess.Utility.LogHelper 
内容:userid=>702347,gameid=>702557 

时间:2018-11-30 22:40:58,850 
级别:INFO 
类名:Chess.Utility.LogHelper 
内容:value=>30002,1,GroupOwner 

时间:2018-11-30 22:40:58,869 
级别:INFO 
类名:Chess.Utility.LogHelper 
内容:cookie.value=>1 

时间:2018-11-30 22:40:58,870 
级别:INFO 
类名:Chess.Utility.LogHelper 
内容:cache.key=>Chess.User.1 

时间:2018-11-30 22:40:58,870 
级别:INFO 
类名:Chess.Utility.LogHelper 
内容:cache.IsExists=>True 

时间:2018-11-30 22:41:46,232 
级别:INFO 
类名:Chess.Utility.LogHelper 
内容:cookie.value=>1 

时间:2018-11-30 22:41:46,232 
级别:INFO 
类名:Chess.Utility.LogHelper 
内容:cache.key=>Chess.User.1 

时间:2018-11-30 22:41:46,232 
级别:INFO 
类名:Chess.Utility.LogHelper 
内容:cache.IsExists=>True 

时间:2018-11-30 22:41:49,993 
级别:INFO 
类名:Chess.Utility.LogHelper 
内容:cookie.value=>1 

时间:2018-11-30 22:41:49,993 
级别:INFO 
类名:Chess.Utility.LogHelper 
内容:cache.key=>Chess.User.1 

时间:2018-11-30 22:41:49,994 
级别:INFO 
类名:Chess.Utility.LogHelper 
内容:cache.IsExists=>True 

时间:2018-11-30 22:41:49,994 
级别:INFO 
类名:Chess.Utility.LogHelper 
内容:IsAuthorization=>True,webContext.CurrentUser.UserIdentity=>GroupOwner,webContext.CurrentUser.Id=>1 

时间:2018-11-30 22:56:04,041 
级别:INFO 
类名:Chess.Utility.LogHelper 
内容:userid=>702347,gameid=>702557 

时间:2018-11-30 22:56:08,010 
级别:INFO 
类名:Chess.Utility.LogHelper 
内容:value=>30002,1,GroupOwner 

时间:2018-11-30 22:56:08,036 
级别:INFO 
类名:Chess.Utility.LogHelper 
内容:cookie.value=>1 

时间:2018-11-30 22:56:08,037 
级别:INFO 
类名:Chess.Utility.LogHelper 
内容:cache.key=>Chess.User.1 

时间:2018-11-30 22:56:08,037 
级别:INFO 
类名:Chess.Utility.LogHelper 
内容:cache.IsExists=>True 

时间:2018-11-30 22:56:32,863 
级别:INFO 
类名:Chess.Utility.LogHelper 
内容:cookie.value=>1 

时间:2018-11-30 22:56:32,863 
级别:INFO 
类名:Chess.Utility.LogHelper 
内容:cache.key=>Chess.User.1 

时间:2018-11-30 22:56:32,863 
级别:INFO 
类名:Chess.Utility.LogHelper 
内容:cache.IsExists=>True 

时间:2018-11-30 22:56:34,946 
级别:INFO 
类名:Chess.Utility.LogHelper 
内容:cookie.value=>1 

时间:2018-11-30 22:56:34,946 
级别:INFO 
类名:Chess.Utility.LogHelper 
内容:cache.key=>Chess.User.1 

时间:2018-11-30 22:56:34,946 
级别:INFO 
类名:Chess.Utility.LogHelper 
内容:cache.IsExists=>True 

时间:2018-11-30 22:56:34,946 
级别:INFO 
类名:Chess.Utility.LogHelper 
内容:IsAuthorization=>True,webContext.CurrentUser.UserIdentity=>GroupOwner,webContext.CurrentUser.Id=>1 

时间:2018-11-30 22:56:47,432 
级别:INFO 
类名:Chess.Utility.LogHelper 
内容:url=>http://h5ip.cn/index/api?url=http://score.mxiong.com.cn/RecordLog/GetRecordLog?u=2B6B7A346D4849474262555047554C416748716F70513D3D&format=json 

时间:2018-11-30 22:56:49,870 
级别:INFO 
类名:Chess.Utility.LogHelper 
内容:result=>{"code":0,"msg":"","short_url":"http://h5ip.cn/Jcd3"} 

时间:2018-11-30 22:58:32,750 
级别:INFO 
类名:Chess.Utility.LogHelper 
内容:userid=>702347,gameid=>702557 

时间:2018-11-30 22:58:36,656 
级别:INFO 
类名:Chess.Utility.LogHelper 
内容:value=>30002,1,GroupOwner 

时间:2018-11-30 22:58:36,680 
级别:INFO 
类名:Chess.Utility.LogHelper 
内容:cookie.value=>1 

时间:2018-11-30 22:58:36,681 
级别:INFO 
类名:Chess.Utility.LogHelper 
内容:cache.key=>Chess.User.1 

时间:2018-11-30 22:58:36,681 
级别:INFO 
类名:Chess.Utility.LogHelper 
内容:cache.IsExists=>True 

时间:2018-11-30 22:59:03,336 
级别:INFO 
类名:Chess.Utility.LogHelper 
内容:cookie.value=>1 

时间:2018-11-30 22:59:03,336 
级别:INFO 
类名:Chess.Utility.LogHelper 
内容:cache.key=>Chess.User.1 

时间:2018-11-30 22:59:03,337 
级别:INFO 
类名:Chess.Utility.LogHelper 
内容:cache.IsExists=>True 

时间:2018-11-30 22:59:05,424 
级别:INFO 
类名:Chess.Utility.LogHelper 
内容:cookie.value=>1 

时间:2018-11-30 22:59:05,424 
级别:INFO 
类名:Chess.Utility.LogHelper 
内容:cache.key=>Chess.User.1 

时间:2018-11-30 22:59:05,424 
级别:INFO 
类名:Chess.Utility.LogHelper 
内容:cache.IsExists=>True 

时间:2018-11-30 22:59:05,425 
级别:INFO 
类名:Chess.Utility.LogHelper 
内容:IsAuthorization=>True,webContext.CurrentUser.UserIdentity=>GroupOwner,webContext.CurrentUser.Id=>1 

时间:2018-11-30 22:59:12,358 
级别:INFO 
类名:Chess.Utility.LogHelper 
内容:url=>http://h5ip.cn/index/api?url=http://score.mxiong.com.cn/RecordLog/GetRecordLog?u=2B6B7A346D4849474262555047554C416748716F70513D3D&format=json 

时间:2018-11-30 22:59:13,716 
级别:INFO 
类名:Chess.Utility.LogHelper 
内容:result=>{"code":0,"msg":"","short_url":"http://h5ip.cn/Jcd3"} 

时间:2018-11-30 23:05:31,812 
级别:INFO 
类名:Chess.Utility.LogHelper 
内容:userid=>702347,gameid=>702557 

时间:2018-11-30 23:05:35,795 
级别:INFO 
类名:Chess.Utility.LogHelper 
内容:value=>30002,1,GroupOwner 

时间:2018-11-30 23:05:35,817 
级别:INFO 
类名:Chess.Utility.LogHelper 
内容:cookie.value=>1 

时间:2018-11-30 23:05:35,817 
级别:INFO 
类名:Chess.Utility.LogHelper 
内容:cache.key=>Chess.User.1 

时间:2018-11-30 23:05:35,817 
级别:INFO 
类名:Chess.Utility.LogHelper 
内容:cache.IsExists=>True 

时间:2018-11-30 23:05:42,519 
级别:INFO 
类名:Chess.Utility.LogHelper 
内容:cookie.value=>1 

时间:2018-11-30 23:05:42,519 
级别:INFO 
类名:Chess.Utility.LogHelper 
内容:cache.key=>Chess.User.1 

时间:2018-11-30 23:05:42,519 
级别:INFO 
类名:Chess.Utility.LogHelper 
内容:cache.IsExists=>True 

时间:2018-11-30 23:05:44,271 
级别:INFO 
类名:Chess.Utility.LogHelper 
内容:cookie.value=>1 

时间:2018-11-30 23:05:44,271 
级别:INFO 
类名:Chess.Utility.LogHelper 
内容:cache.key=>Chess.User.1 

时间:2018-11-30 23:05:44,271 
级别:INFO 
类名:Chess.Utility.LogHelper 
内容:cache.IsExists=>True 

时间:2018-11-30 23:05:44,272 
级别:INFO 
类名:Chess.Utility.LogHelper 
内容:IsAuthorization=>True,webContext.CurrentUser.UserIdentity=>GroupOwner,webContext.CurrentUser.Id=>1 

时间:2018-11-30 23:05:47,199 
级别:INFO 
类名:Chess.Utility.LogHelper 
内容:url=>http://h5ip.cn/index/api?url=http://score.mxiong.com.cn/RecordLog/InputRecord?u=2B6B7A346D4849474262555047554C416748716F70513D3D&format=json 

时间:2018-11-30 23:05:48,594 
级别:INFO 
类名:Chess.Utility.LogHelper 
内容:result=>{"code":0,"msg":"","short_url":"http://h5ip.cn/u8Wn"} 

时间:2018-11-30 23:05:49,923 
级别:INFO 
类名:Chess.Utility.LogHelper 
内容:cookie.value=>1 

时间:2018-11-30 23:05:49,923 
级别:INFO 
类名:Chess.Utility.LogHelper 
内容:cache.key=>Chess.User.1 

时间:2018-11-30 23:05:49,923 
级别:INFO 
类名:Chess.Utility.LogHelper 
内容:cache.IsExists=>True 

时间:2018-11-30 23:30:14,330 
级别:INFO 
类名:Chess.Utility.LogHelper 
内容:cookie.value=>1 

时间:2018-11-30 23:30:14,338 
级别:INFO 
类名:Chess.Utility.LogHelper 
内容:cache.key=>Chess.User.1 

时间:2018-11-30 23:30:17,456 
级别:INFO 
类名:Chess.Utility.LogHelper 
内容:datebase.user=>1, 

时间:2018-11-30 23:30:17,456 
级别:INFO 
类名:Chess.Utility.LogHelper 
内容:cache.value=>System.Data.Entity.DynamicProxies.SystemUser_C9F5DE5B1C0839FCD7DA5A1A6718F35BEFCE13956883179CF486AF4105373CF0 

时间:2018-11-30 23:30:17,460 
级别:INFO 
类名:Chess.Utility.LogHelper 
内容:IsAuthorization=>False,webContext.CurrentUser.UserIdentity=>0,webContext.CurrentUser.Id=>1 

时间:2018-11-30 23:30:42,360 
级别:INFO 
类名:Chess.Utility.LogHelper 
内容:userid=>702347,gameid=>702557 

时间:2018-11-30 23:30:45,850 
级别:INFO 
类名:Chess.Utility.LogHelper 
内容:value=>,1,0 

时间:2018-11-30 23:30:45,886 
级别:INFO 
类名:Chess.Utility.LogHelper 
内容:cookie.value=>1 

时间:2018-11-30 23:30:45,886 
级别:INFO 
类名:Chess.Utility.LogHelper 
内容:cache.key=>Chess.User.1 

时间:2018-11-30 23:30:45,886 
级别:INFO 
类名:Chess.Utility.LogHelper 
内容:cache.IsExists=>True 

时间:2018-11-30 23:31:00,850 
级别:INFO 
类名:Chess.Utility.LogHelper 
内容:cookie.value=>1 

时间:2018-11-30 23:31:00,850 
级别:INFO 
类名:Chess.Utility.LogHelper 
内容:cache.key=>Chess.User.1 

时间:2018-11-30 23:31:00,850 
级别:INFO 
类名:Chess.Utility.LogHelper 
内容:cache.IsExists=>True 

时间:2018-11-30 23:31:00,927 
级别:INFO 
类名:Chess.Utility.LogHelper 
内容:url=>http://sclz.mxiong.com.cn/WS/MobileInterface.ashx?action=CheckTeahouseLogon&agentaccount=30002&agentpwd=123456&token= 

时间:2018-11-30 23:31:01,291 
级别:INFO 
类名:Chess.Utility.LogHelper 
内容:result=>{"code":0,"msg":null,"data":{"valid":true,"result":0,"msg":"SUCCESS","name":"万象茶馆"}} 

时间:2018-11-30 23:31:01,397 
级别:INFO 
类名:Chess.Utility.LogHelper 
内容:0:,Chess.Model.BaseResult 

时间:2018-11-30 23:31:01,609 
级别:INFO 
类名:Chess.Utility.LogHelper 
内容:value=>30002,1,GroupOwner 

时间:2018-11-30 23:31:03,634 
级别:INFO 
类名:Chess.Utility.LogHelper 
内容:cookie.value=>1 

时间:2018-11-30 23:31:03,634 
级别:INFO 
类名:Chess.Utility.LogHelper 
内容:cache.key=>Chess.User.1 

时间:2018-11-30 23:31:03,634 
级别:INFO 
类名:Chess.Utility.LogHelper 
内容:cache.IsExists=>True 

时间:2018-11-30 23:31:08,099 
级别:INFO 
类名:Chess.Utility.LogHelper 
内容:cookie.value=>1 

时间:2018-11-30 23:31:08,099 
级别:INFO 
类名:Chess.Utility.LogHelper 
内容:cache.key=>Chess.User.1 

时间:2018-11-30 23:31:08,099 
级别:INFO 
类名:Chess.Utility.LogHelper 
内容:cache.IsExists=>True 

时间:2018-11-30 23:31:08,187 
级别:INFO 
类名:Chess.Utility.LogHelper 
内容:url=>http://sclz.mxiong.com.cn/WS/MobileInterface.ashx?action=GetClubMember&clubid=8021&agentaccount=30002&agentpwd=123456&token= 

时间:2018-11-30 23:31:08,454 
级别:INFO 
类名:Chess.Utility.LogHelper 
内容:result=>{"code":0,"msg":null,"data":{"valid":true,"count":3,"msg":"SUCCESS","members":"{\"code\":0,\"msg\":null,\"data\":{\"0\":\"[700001,700101,8021,1,1,飞跃巅峰,http://thirdwx.qlogo.cn/mmopen/vi_32/Q0j4TwGTfTLT5VCAvtmbCFAzsEL9ReSCqtOmiaU2jcvxk59pNG5CLIuTjs5MSAYX4QH0cpfznNFM02wNhqhFyxA/132,oZCap05MUS3vOMnXfZgmbpE91iKc,1]\",\"1\":\"[702007,702201,8021,0,0,1234567890123456789012345678901,http://thirdwx.qlogo.cn/mmopen/vi_32/lT5WQX1qoiar93dLYjKo0Ol7WHGiaq0eibvVuK8BpbrydLxz4kCiaOFKaSaibjaXbyjvIRNwYj5eklyPibFiajH4PM9zg/132,oZCap05sFS46ew5t1Iqa01SP2c6A,1]\",\"2\":\"[702092,702296,8021,0,0,萌测试VR,http://thirdwx.qlogo.cn/mmopen/vi_32/3UAcdaUd5AccwMW4FgH29erkGESic6R2yPTpmL2bmGR9MXM5D2ibrdibicPRBuc0xUml1nCemac0kiagzCgaCIJicgqQ/132,oZCap01FBjNU6c29bap-mDBUWgag,1]\"}}"}} 

时间:2018-11-30 23:31:08,497 
级别:INFO 
类名:Chess.Utility.LogHelper 
内容:url=>http://sclz.mxiong.com.cn/WS/MobileInterface.ashx?action=CheckTeahouseClub&clubid=8021&agentaccount=30002&agentpwd=123456&token= 

时间:2018-11-30 23:31:08,737 
级别:INFO 
类名:Chess.Utility.LogHelper 
内容:result=>{"code":0,"msg":null,"data":{"valid":true,"result":0,"msg":"SUCCESS","name":"万象新天"}} 

时间:2018-11-30 23:31:45,918 
级别:INFO 
类名:Chess.Utility.LogHelper 
内容:cookie.value=>1 

时间:2018-11-30 23:31:45,918 
级别:INFO 
类名:Chess.Utility.LogHelper 
内容:cache.key=>Chess.User.1 

时间:2018-11-30 23:31:45,918 
级别:INFO 
类名:Chess.Utility.LogHelper 
内容:cache.IsExists=>True 

时间:2018-11-30 23:33:08,816 
级别:INFO 
类名:Chess.Utility.LogHelper 
内容:cookie.value=>1 

时间:2018-11-30 23:33:08,816 
级别:INFO 
类名:Chess.Utility.LogHelper 
内容:cache.key=>Chess.User.1 

时间:2018-11-30 23:33:08,816 
级别:INFO 
类名:Chess.Utility.LogHelper 
内容:cache.IsExists=>True 

时间:2018-11-30 23:33:34,046 
级别:INFO 
类名:Chess.Utility.LogHelper 
内容:cookie.value=>1 

时间:2018-11-30 23:33:34,046 
级别:INFO 
类名:Chess.Utility.LogHelper 
内容:cache.key=>Chess.User.1 

时间:2018-11-30 23:33:34,046 
级别:INFO 
类名:Chess.Utility.LogHelper 
内容:cache.IsExists=>True 

时间:2018-11-30 23:33:54,117 
级别:INFO 
类名:Chess.Utility.LogHelper 
内容:cookie.value=>1 

时间:2018-11-30 23:33:54,117 
级别:INFO 
类名:Chess.Utility.LogHelper 
内容:cache.key=>Chess.User.1 

时间:2018-11-30 23:33:54,117 
级别:INFO 
类名:Chess.Utility.LogHelper 
内容:cache.IsExists=>True 

时间:2018-11-30 23:34:02,021 
级别:INFO 
类名:Chess.Utility.LogHelper 
内容:cookie.value=> 

时间:2018-11-30 23:34:02,034 
级别:INFO 
类名:Chess.Utility.LogHelper 
内容:cookie.value=> 

时间:2018-11-30 23:34:02,050 
级别:INFO 
类名:Chess.Utility.LogHelper 
内容:cookie.value=> 

时间:2018-11-30 23:34:02,063 
级别:INFO 
类名:Chess.Utility.LogHelper 
内容:cookie.value=> 

时间:2018-11-30 23:34:02,076 
级别:INFO 
类名:Chess.Utility.LogHelper 
内容:cookie.value=> 

时间:2018-11-30 23:34:02,088 
级别:INFO 
类名:Chess.Utility.LogHelper 
内容:cookie.value=> 

时间:2018-11-30 23:34:02,102 
级别:INFO 
类名:Chess.Utility.LogHelper 
内容:cookie.value=> 

时间:2018-11-30 23:34:02,115 
级别:INFO 
类名:Chess.Utility.LogHelper 
内容:cookie.value=> 

时间:2018-11-30 23:34:02,128 
级别:INFO 
类名:Chess.Utility.LogHelper 
内容:cookie.value=> 

时间:2018-11-30 23:34:02,140 
级别:INFO 
类名:Chess.Utility.LogHelper 
内容:cookie.value=> 

时间:2018-11-30 23:34:02,166 
级别:INFO 
类名:Chess.Utility.LogHelper 
内容:cookie.value=> 

时间:2018-11-30 23:34:02,181 
级别:INFO 
类名:Chess.Utility.LogHelper 
内容:cookie.value=> 

时间:2018-11-30 23:34:02,195 
级别:INFO 
类名:Chess.Utility.LogHelper 
内容:cookie.value=> 

时间:2018-11-30 23:34:02,209 
级别:INFO 
类名:Chess.Utility.LogHelper 
内容:cookie.value=> 

时间:2018-11-30 23:34:02,221 
级别:INFO 
类名:Chess.Utility.LogHelper 
内容:cookie.value=> 

时间:2018-11-30 23:34:02,233 
级别:INFO 
类名:Chess.Utility.LogHelper 
内容:cookie.value=> 

时间:2018-11-30 23:34:02,244 
级别:INFO 
类名:Chess.Utility.LogHelper 
内容:cookie.value=> 

时间:2018-11-30 23:34:02,255 
级别:INFO 
类名:Chess.Utility.LogHelper 
内容:cookie.value=> 

时间:2018-11-30 23:34:02,268 
级别:INFO 
类名:Chess.Utility.LogHelper 
内容:cookie.value=> 

时间:2018-11-30 23:34:02,288 
级别:INFO 
类名:Chess.Utility.LogHelper 
内容:cookie.value=> 

时间:2018-11-30 23:34:02,319 
级别:INFO 
类名:Chess.Utility.LogHelper 
内容:cookie.value=> 

时间:2018-11-30 23:34:02,417 
级别:INFO 
类名:Chess.Utility.LogHelper 
内容:cookie.value=> 

时间:2018-11-30 23:34:02,431 
级别:INFO 
类名:Chess.Utility.LogHelper 
内容:cookie.value=> 

时间:2018-11-30 23:34:02,445 
级别:INFO 
类名:Chess.Utility.LogHelper 
内容:cookie.value=> 

时间:2018-11-30 23:34:02,455 
级别:INFO 
类名:Chess.Utility.LogHelper 
内容:cookie.value=> 

时间:2018-11-30 23:34:02,475 
级别:INFO 
类名:Chess.Utility.LogHelper 
内容:cookie.value=> 

时间:2018-11-30 23:34:02,490 
级别:INFO 
类名:Chess.Utility.LogHelper 
内容:cookie.value=> 

时间:2018-11-30 23:34:02,500 
级别:INFO 
类名:Chess.Utility.LogHelper 
内容:cookie.value=> 

时间:2018-11-30 23:34:02,512 
级别:INFO 
类名:Chess.Utility.LogHelper 
内容:cookie.value=> 

时间:2018-11-30 23:34:02,524 
级别:INFO 
类名:Chess.Utility.LogHelper 
内容:cookie.value=> 

时间:2018-11-30 23:34:02,536 
级别:INFO 
类名:Chess.Utility.LogHelper 
内容:cookie.value=> 

时间:2018-11-30 23:34:02,547 
级别:INFO 
类名:Chess.Utility.LogHelper 
内容:cookie.value=> 

时间:2018-11-30 23:34:02,559 
级别:INFO 
类名:Chess.Utility.LogHelper 
内容:cookie.value=> 

时间:2018-11-30 23:34:02,569 
级别:INFO 
类名:Chess.Utility.LogHelper 
内容:cookie.value=> 

时间:2018-11-30 23:34:02,580 
级别:INFO 
类名:Chess.Utility.LogHelper 
内容:cookie.value=> 

时间:2018-11-30 23:34:02,591 
级别:INFO 
类名:Chess.Utility.LogHelper 
内容:cookie.value=> 

时间:2018-11-30 23:34:02,619 
级别:INFO 
类名:Chess.Utility.LogHelper 
内容:cookie.value=> 

时间:2018-11-30 23:34:02,631 
级别:INFO 
类名:Chess.Utility.LogHelper 
内容:cookie.value=> 

时间:2018-11-30 23:34:02,642 
级别:INFO 
类名:Chess.Utility.LogHelper 
内容:cookie.value=> 

时间:2018-11-30 23:34:02,653 
级别:INFO 
类名:Chess.Utility.LogHelper 
内容:cookie.value=> 

时间:2018-11-30 23:34:02,666 
级别:INFO 
类名:Chess.Utility.LogHelper 
内容:cookie.value=> 

时间:2018-11-30 23:34:02,679 
级别:INFO 
类名:Chess.Utility.LogHelper 
内容:cookie.value=> 

时间:2018-11-30 23:34:05,195 
级别:INFO 
类名:Chess.Utility.LogHelper 
内容:userid=>702347,gameid=>702557 

时间:2018-11-30 23:34:05,387 
级别:INFO 
类名:Chess.Utility.LogHelper 
内容:value=>30002,1,GroupOwner 

时间:2018-11-30 23:34:05,403 
级别:INFO 
类名:Chess.Utility.LogHelper 
内容:cookie.value=>1 

时间:2018-11-30 23:34:05,403 
级别:INFO 
类名:Chess.Utility.LogHelper 
内容:cache.key=>Chess.User.1 

时间:2018-11-30 23:34:05,403 
级别:INFO 
类名:Chess.Utility.LogHelper 
内容:cache.IsExists=>True 

时间:2018-11-30 23:34:09,210 
级别:INFO 
类名:Chess.Utility.LogHelper 
内容:cookie.value=>1 

时间:2018-11-30 23:34:09,210 
级别:INFO 
类名:Chess.Utility.LogHelper 
内容:cache.key=>Chess.User.1 

时间:2018-11-30 23:34:09,210 
级别:INFO 
类名:Chess.Utility.LogHelper 
内容:cache.IsExists=>True 

时间:2018-11-30 23:34:57,712 
级别:INFO 
类名:Chess.Utility.LogHelper 
内容:cookie.value=>1 

时间:2018-11-30 23:34:57,712 
级别:INFO 
类名:Chess.Utility.LogHelper 
内容:cache.key=>Chess.User.1 

时间:2018-11-30 23:34:57,712 
级别:INFO 
类名:Chess.Utility.LogHelper 
内容:cache.IsExists=>True 

时间:2018-11-30 23:35:02,690 
级别:INFO 
类名:Chess.Utility.LogHelper 
内容:cookie.value=>1 

时间:2018-11-30 23:35:02,690 
级别:INFO 
类名:Chess.Utility.LogHelper 
内容:cache.key=>Chess.User.1 

时间:2018-11-30 23:35:02,690 
级别:INFO 
类名:Chess.Utility.LogHelper 
内容:cache.IsExists=>True 

时间:2018-11-30 23:35:55,982 
级别:INFO 
类名:Chess.Utility.LogHelper 
内容:cookie.value=>1 

时间:2018-11-30 23:35:55,990 
级别:INFO 
类名:Chess.Utility.LogHelper 
内容:cache.key=>Chess.User.1 

时间:2018-11-30 23:54:55,863 
级别:INFO 
类名:Chess.Utility.LogHelper 
内容:userid=>702347,gameid=>702557 

时间:2018-11-30 23:54:59,312 
级别:INFO 
类名:Chess.Utility.LogHelper 
内容:value=>30002,1,GroupOwner 

时间:2018-11-30 23:54:59,352 
级别:INFO 
类名:Chess.Utility.LogHelper 
内容:cookie.value=>1 

时间:2018-11-30 23:54:59,353 
级别:INFO 
类名:Chess.Utility.LogHelper 
内容:cache.key=>Chess.User.1 

时间:2018-11-30 23:54:59,353 
级别:INFO 
类名:Chess.Utility.LogHelper 
内容:cache.IsExists=>True 

时间:2018-11-30 23:55:28,510 
级别:INFO 
类名:Chess.Utility.LogHelper 
内容:cookie.value=> 

时间:2018-11-30 23:55:28,531 
级别:INFO 
类名:Chess.Utility.LogHelper 
内容:cookie.value=> 

时间:2018-11-30 23:55:28,543 
级别:INFO 
类名:Chess.Utility.LogHelper 
内容:cookie.value=> 

时间:2018-11-30 23:55:28,556 
级别:INFO 
类名:Chess.Utility.LogHelper 
内容:cookie.value=> 

时间:2018-11-30 23:55:28,570 
级别:INFO 
类名:Chess.Utility.LogHelper 
内容:cookie.value=> 

时间:2018-11-30 23:55:28,583 
级别:INFO 
类名:Chess.Utility.LogHelper 
内容:cookie.value=> 

时间:2018-11-30 23:55:28,596 
级别:INFO 
类名:Chess.Utility.LogHelper 
内容:cookie.value=> 

时间:2018-11-30 23:55:28,609 
级别:INFO 
类名:Chess.Utility.LogHelper 
内容:cookie.value=> 

时间:2018-11-30 23:55:28,622 
级别:INFO 
类名:Chess.Utility.LogHelper 
内容:cookie.value=> 

时间:2018-11-30 23:55:28,637 
级别:INFO 
类名:Chess.Utility.LogHelper 
内容:cookie.value=> 

时间:2018-11-30 23:55:28,665 
级别:INFO 
类名:Chess.Utility.LogHelper 
内容:cookie.value=> 

时间:2018-11-30 23:55:28,679 
级别:INFO 
类名:Chess.Utility.LogHelper 
内容:cookie.value=> 

时间:2018-11-30 23:55:28,692 
级别:INFO 
类名:Chess.Utility.LogHelper 
内容:cookie.value=> 

时间:2018-11-30 23:55:28,705 
级别:INFO 
类名:Chess.Utility.LogHelper 
内容:cookie.value=> 

时间:2018-11-30 23:55:28,718 
级别:INFO 
类名:Chess.Utility.LogHelper 
内容:cookie.value=> 

时间:2018-11-30 23:55:28,731 
级别:INFO 
类名:Chess.Utility.LogHelper 
内容:cookie.value=> 

时间:2018-11-30 23:55:28,744 
级别:INFO 
类名:Chess.Utility.LogHelper 
内容:cookie.value=> 

时间:2018-11-30 23:55:28,757 
级别:INFO 
类名:Chess.Utility.LogHelper 
内容:cookie.value=> 

时间:2018-11-30 23:55:28,771 
级别:INFO 
类名:Chess.Utility.LogHelper 
内容:cookie.value=> 

时间:2018-11-30 23:55:28,785 
级别:INFO 
类名:Chess.Utility.LogHelper 
内容:cookie.value=> 

时间:2018-11-30 23:55:28,800 
级别:INFO 
类名:Chess.Utility.LogHelper 
内容:cookie.value=> 

时间:2018-11-30 23:55:28,898 
级别:INFO 
类名:Chess.Utility.LogHelper 
内容:cookie.value=> 

时间:2018-11-30 23:55:28,911 
级别:INFO 
类名:Chess.Utility.LogHelper 
内容:cookie.value=> 

时间:2018-11-30 23:55:28,923 
级别:INFO 
类名:Chess.Utility.LogHelper 
内容:cookie.value=> 

时间:2018-11-30 23:55:28,934 
级别:INFO 
类名:Chess.Utility.LogHelper 
内容:cookie.value=> 

时间:2018-11-30 23:55:28,946 
级别:INFO 
类名:Chess.Utility.LogHelper 
内容:cookie.value=> 

时间:2018-11-30 23:55:28,967 
级别:INFO 
类名:Chess.Utility.LogHelper 
内容:cookie.value=> 

时间:2018-11-30 23:55:28,998 
级别:INFO 
类名:Chess.Utility.LogHelper 
内容:cookie.value=> 

时间:2018-11-30 23:55:29,010 
级别:INFO 
类名:Chess.Utility.LogHelper 
内容:cookie.value=> 

时间:2018-11-30 23:55:29,022 
级别:INFO 
类名:Chess.Utility.LogHelper 
内容:cookie.value=> 

时间:2018-11-30 23:55:29,032 
级别:INFO 
类名:Chess.Utility.LogHelper 
内容:cookie.value=> 

时间:2018-11-30 23:55:29,043 
级别:INFO 
类名:Chess.Utility.LogHelper 
内容:cookie.value=> 

时间:2018-11-30 23:55:29,055 
级别:INFO 
类名:Chess.Utility.LogHelper 
内容:cookie.value=> 

时间:2018-11-30 23:55:29,066 
级别:INFO 
类名:Chess.Utility.LogHelper 
内容:cookie.value=> 

时间:2018-11-30 23:55:29,079 
级别:INFO 
类名:Chess.Utility.LogHelper 
内容:cookie.value=> 

时间:2018-11-30 23:55:29,109 
级别:INFO 
类名:Chess.Utility.LogHelper 
内容:cookie.value=> 

时间:2018-11-30 23:55:29,121 
级别:INFO 
类名:Chess.Utility.LogHelper 
内容:cookie.value=> 

时间:2018-11-30 23:55:29,133 
级别:INFO 
类名:Chess.Utility.LogHelper 
内容:cookie.value=> 

时间:2018-11-30 23:55:29,145 
级别:INFO 
类名:Chess.Utility.LogHelper 
内容:cookie.value=> 

时间:2018-11-30 23:55:29,158 
级别:INFO 
类名:Chess.Utility.LogHelper 
内容:cookie.value=> 

时间:2018-11-30 23:55:29,169 
级别:INFO 
类名:Chess.Utility.LogHelper 
内容:cookie.value=> 

时间:2018-11-30 23:55:29,182 
级别:INFO 
类名:Chess.Utility.LogHelper 
内容:cookie.value=> 

时间:2018-11-30 23:55:31,952 
级别:INFO 
类名:Chess.Utility.LogHelper 
内容:userid=>702347,gameid=>702557 

时间:2018-11-30 23:55:32,162 
级别:INFO 
类名:Chess.Utility.LogHelper 
内容:value=>30002,1,GroupOwner 

时间:2018-11-30 23:55:32,177 
级别:INFO 
类名:Chess.Utility.LogHelper 
内容:cookie.value=>1 

时间:2018-11-30 23:55:32,177 
级别:INFO 
类名:Chess.Utility.LogHelper 
内容:cache.key=>Chess.User.1 

时间:2018-11-30 23:55:32,177 
级别:INFO 
类名:Chess.Utility.LogHelper 
内容:cache.IsExists=>True 

时间:2018-11-30 23:55:38,884 
级别:INFO 
类名:Chess.Utility.LogHelper 
内容:cookie.value=> 

时间:2018-11-30 23:55:38,896 
级别:INFO 
类名:Chess.Utility.LogHelper 
内容:cookie.value=> 

时间:2018-11-30 23:55:38,908 
级别:INFO 
类名:Chess.Utility.LogHelper 
内容:cookie.value=> 

时间:2018-11-30 23:55:38,922 
级别:INFO 
类名:Chess.Utility.LogHelper 
内容:cookie.value=> 

时间:2018-11-30 23:55:38,936 
级别:INFO 
类名:Chess.Utility.LogHelper 
内容:cookie.value=> 

时间:2018-11-30 23:55:38,950 
级别:INFO 
类名:Chess.Utility.LogHelper 
内容:cookie.value=> 

时间:2018-11-30 23:55:38,974 
级别:INFO 
类名:Chess.Utility.LogHelper 
内容:cookie.value=> 

时间:2018-11-30 23:55:38,988 
级别:INFO 
类名:Chess.Utility.LogHelper 
内容:cookie.value=> 

时间:2018-11-30 23:55:39,000 
级别:INFO 
类名:Chess.Utility.LogHelper 
内容:cookie.value=> 

时间:2018-11-30 23:55:39,014 
级别:INFO 
类名:Chess.Utility.LogHelper 
内容:cookie.value=> 

时间:2018-11-30 23:55:39,026 
级别:INFO 
类名:Chess.Utility.LogHelper 
内容:cookie.value=> 

时间:2018-11-30 23:55:39,039 
级别:INFO 
类名:Chess.Utility.LogHelper 
内容:cookie.value=> 

时间:2018-11-30 23:55:39,054 
级别:INFO 
类名:Chess.Utility.LogHelper 
内容:cookie.value=> 

时间:2018-11-30 23:55:39,067 
级别:INFO 
类名:Chess.Utility.LogHelper 
内容:cookie.value=> 

时间:2018-11-30 23:55:39,081 
级别:INFO 
类名:Chess.Utility.LogHelper 
内容:cookie.value=> 

时间:2018-11-30 23:55:39,095 
级别:INFO 
类名:Chess.Utility.LogHelper 
内容:cookie.value=> 

时间:2018-11-30 23:55:39,109 
级别:INFO 
类名:Chess.Utility.LogHelper 
内容:cookie.value=> 

时间:2018-11-30 23:55:39,133 
级别:INFO 
类名:Chess.Utility.LogHelper 
内容:cookie.value=> 

时间:2018-11-30 23:55:39,145 
级别:INFO 
类名:Chess.Utility.LogHelper 
内容:cookie.value=> 

时间:2018-11-30 23:55:39,156 
级别:INFO 
类名:Chess.Utility.LogHelper 
内容:cookie.value=> 

时间:2018-11-30 23:55:39,167 
级别:INFO 
类名:Chess.Utility.LogHelper 
内容:cookie.value=> 

时间:2018-11-30 23:55:39,219 
级别:INFO 
类名:Chess.Utility.LogHelper 
内容:cookie.value=> 

时间:2018-11-30 23:55:39,231 
级别:INFO 
类名:Chess.Utility.LogHelper 
内容:cookie.value=> 

时间:2018-11-30 23:55:39,243 
级别:INFO 
类名:Chess.Utility.LogHelper 
内容:cookie.value=> 

时间:2018-11-30 23:55:39,254 
级别:INFO 
类名:Chess.Utility.LogHelper 
内容:cookie.value=> 

时间:2018-11-30 23:55:39,266 
级别:INFO 
类名:Chess.Utility.LogHelper 
内容:cookie.value=> 

时间:2018-11-30 23:55:39,278 
级别:INFO 
类名:Chess.Utility.LogHelper 
内容:cookie.value=> 

时间:2018-11-30 23:55:39,290 
级别:INFO 
类名:Chess.Utility.LogHelper 
内容:cookie.value=> 

时间:2018-11-30 23:55:39,312 
级别:INFO 
类名:Chess.Utility.LogHelper 
内容:cookie.value=> 

时间:2018-11-30 23:55:39,324 
级别:INFO 
类名:Chess.Utility.LogHelper 
内容:cookie.value=> 

时间:2018-11-30 23:55:39,343 
级别:INFO 
类名:Chess.Utility.LogHelper 
内容:cookie.value=> 

时间:2018-11-30 23:55:39,355 
级别:INFO 
类名:Chess.Utility.LogHelper 
内容:cookie.value=> 

时间:2018-11-30 23:55:39,369 
级别:INFO 
类名:Chess.Utility.LogHelper 
内容:cookie.value=> 

时间:2018-11-30 23:55:39,383 
级别:INFO 
类名:Chess.Utility.LogHelper 
内容:cookie.value=> 

时间:2018-11-30 23:55:39,395 
级别:INFO 
类名:Chess.Utility.LogHelper 
内容:cookie.value=> 

时间:2018-11-30 23:55:39,408 
级别:INFO 
类名:Chess.Utility.LogHelper 
内容:cookie.value=> 

时间:2018-11-30 23:55:39,432 
级别:INFO 
类名:Chess.Utility.LogHelper 
内容:cookie.value=> 

时间:2018-11-30 23:55:39,446 
级别:INFO 
类名:Chess.Utility.LogHelper 
内容:cookie.value=> 

时间:2018-11-30 23:55:39,459 
级别:INFO 
类名:Chess.Utility.LogHelper 
内容:cookie.value=> 

时间:2018-11-30 23:55:39,472 
级别:INFO 
类名:Chess.Utility.LogHelper 
内容:cookie.value=> 

时间:2018-11-30 23:55:39,484 
级别:INFO 
类名:Chess.Utility.LogHelper 
内容:cookie.value=> 

时间:2018-11-30 23:55:39,496 
级别:INFO 
类名:Chess.Utility.LogHelper 
内容:cookie.value=> 

时间:2018-11-30 23:55:40,997 
级别:INFO 
类名:Chess.Utility.LogHelper 
内容:userid=>702347,gameid=>702557 

时间:2018-11-30 23:55:41,196 
级别:INFO 
类名:Chess.Utility.LogHelper 
内容:value=>30002,1,GroupOwner 

时间:2018-11-30 23:55:41,210 
级别:INFO 
类名:Chess.Utility.LogHelper 
内容:cookie.value=>1 

时间:2018-11-30 23:55:41,210 
级别:INFO 
类名:Chess.Utility.LogHelper 
内容:cache.key=>Chess.User.1 

时间:2018-11-30 23:55:41,210 
级别:INFO 
类名:Chess.Utility.LogHelper 
内容:cache.IsExists=>True 

时间:2018-11-30 23:55:41,286 
级别:INFO 
类名:Chess.Utility.LogHelper 
内容:userid=>702347,gameid=>702557 

时间:2018-11-30 23:55:41,492 
级别:INFO 
类名:Chess.Utility.LogHelper 
内容:value=>30002,1,GroupOwner 

时间:2018-11-30 23:55:41,505 
级别:INFO 
类名:Chess.Utility.LogHelper 
内容:cookie.value=>1 

时间:2018-11-30 23:55:41,505 
级别:INFO 
类名:Chess.Utility.LogHelper 
内容:cache.key=>Chess.User.1 

时间:2018-11-30 23:55:41,505 
级别:INFO 
类名:Chess.Utility.LogHelper 
内容:cache.IsExists=>True 

时间:2018-11-30 23:55:49,626 
级别:INFO 
类名:Chess.Utility.LogHelper 
内容:userid=>702347,gameid=>702557 

时间:2018-11-30 23:55:49,825 
级别:INFO 
类名:Chess.Utility.LogHelper 
内容:value=>30002,1,GroupOwner 

时间:2018-11-30 23:55:49,852 
级别:INFO 
类名:Chess.Utility.LogHelper 
内容:cookie.value=>1 

时间:2018-11-30 23:55:49,852 
级别:INFO 
类名:Chess.Utility.LogHelper 
内容:cache.key=>Chess.User.1 

时间:2018-11-30 23:55:49,852 
级别:INFO 
类名:Chess.Utility.LogHelper 
内容:cache.IsExists=>True 

时间:2018-11-30 23:55:49,969 
级别:INFO 
类名:Chess.Utility.LogHelper 
内容:userid=>702347,gameid=>702557 

时间:2018-11-30 23:55:50,166 
级别:INFO 
类名:Chess.Utility.LogHelper 
内容:value=>30002,1,GroupOwner 

时间:2018-11-30 23:55:50,192 
级别:INFO 
类名:Chess.Utility.LogHelper 
内容:cookie.value=>1 

时间:2018-11-30 23:55:50,192 
级别:INFO 
类名:Chess.Utility.LogHelper 
内容:cache.key=>Chess.User.1 

时间:2018-11-30 23:55:50,192 
级别:INFO 
类名:Chess.Utility.LogHelper 
内容:cache.IsExists=>True 

时间:2018-11-30 23:56:42,064 
级别:INFO 
类名:Chess.Utility.LogHelper 
内容:userid=>702347,gameid=>702557 

时间:2018-11-30 23:56:42,263 
级别:INFO 
类名:Chess.Utility.LogHelper 
内容:value=>30002,1,GroupOwner 

时间:2018-11-30 23:56:42,283 
级别:INFO 
类名:Chess.Utility.LogHelper 
内容:cookie.value=>1 

时间:2018-11-30 23:56:42,283 
级别:INFO 
类名:Chess.Utility.LogHelper 
内容:cache.key=>Chess.User.1 

时间:2018-11-30 23:56:42,283 
级别:INFO 
类名:Chess.Utility.LogHelper 
内容:cache.IsExists=>True 

时间:2018-11-30 23:57:31,120 
级别:INFO 
类名:Chess.Utility.LogHelper 
内容:userid=>702347,gameid=>702557 

时间:2018-11-30 23:57:39,432 
级别:INFO 
类名:Chess.Utility.LogHelper 
内容:value=>30002,1,GroupOwner 

时间:2018-11-30 23:57:49,248 
级别:INFO 
类名:Chess.Utility.LogHelper 
内容:cookie.value=>1 

时间:2018-11-30 23:57:50,252 
级别:INFO 
类名:Chess.Utility.LogHelper 
内容:cache.key=>Chess.User.1 

时间:2018-11-30 23:57:50,252 
级别:INFO 
类名:Chess.Utility.LogHelper 
内容:cache.IsExists=>True 

