[[[自动注册扩展缓存完成]]]
[2018/11/30 22:20:13.3935]
[线程：1]
注册总用时：0ms
自动扫描程序集：0个
扩展缓存：

[[[微信扩展缓存注册完成]]]
[2018/11/30 22:20:13.3985]
[线程：1]
微信扩展缓存注册总用时：0ms
扩展缓存：Senparc.Weixin.Cache.LocalContainerCacheStrategy

[[[RegisterApiBind() 自动扫描程序集异常：Microsoft.AspNet.Identity.Owin, Version=2.0.0.0, Culture=neutral, PublicKeyToken=31bf3856ad364e35]]]
[2018/11/30 22:20:13.4445]
[线程：1]
System.Reflection.ReflectionTypeLoadException: 无法加载一个或多个请求的类型。有关更多信息，请检索 LoaderExceptions 属性。
   在 System.Reflection.RuntimeModule.GetTypes(RuntimeModule module)
   在 System.Reflection.RuntimeModule.GetTypes()
   在 System.Reflection.Assembly.GetTypes()
   在 Senparc.NeuChar.Register.RegisterApiBind()

[[[RegisterApiBind() 自动扫描程序集异常：Senparc.Weixin.MP, Version=16.5.0.0, Culture=neutral, PublicKeyToken=null]]]
[2018/11/30 22:20:13.4505]
[线程：1]
System.ArgumentException: 已添加了具有相同键的项。
   在 System.ThrowHelper.ThrowArgumentException(ExceptionResource resource)
   在 System.Collections.Generic.Dictionary`2.Insert(TKey key, TValue value, Boolean add)
   在 Senparc.NeuChar.ApiBind.ApiBindInfoCollection.Add(MethodInfo method, ApiBindAttribute apiBindAttr)
   在 Senparc.NeuChar.Register.RegisterApiBind()

[[[全局日志]]]
[2018/11/30 22:20:13.7456]
[线程：1]
日志开始

[[[自动注册扩展缓存完成]]]
[2018/11/30 22:25:30.5422]
[线程：1]
注册总用时：0ms
自动扫描程序集：0个
扩展缓存：

[[[微信扩展缓存注册完成]]]
[2018/11/30 22:25:30.5473]
[线程：1]
微信扩展缓存注册总用时：0ms
扩展缓存：Senparc.Weixin.Cache.LocalContainerCacheStrategy

[[[RegisterApiBind() 自动扫描程序集异常：Microsoft.AspNet.Identity.Owin, Version=2.0.0.0, Culture=neutral, PublicKeyToken=31bf3856ad364e35]]]
[2018/11/30 22:25:30.6017]
[线程：1]
System.Reflection.ReflectionTypeLoadException: 无法加载一个或多个请求的类型。有关更多信息，请检索 LoaderExceptions 属性。
   在 System.Reflection.RuntimeModule.GetTypes(RuntimeModule module)
   在 System.Reflection.RuntimeModule.GetTypes()
   在 System.Reflection.Assembly.GetTypes()
   在 Senparc.NeuChar.Register.RegisterApiBind()

[[[RegisterApiBind() 自动扫描程序集异常：Senparc.Weixin.MP, Version=16.5.0.0, Culture=neutral, PublicKeyToken=null]]]
[2018/11/30 22:25:30.6077]
[线程：1]
System.ArgumentException: 已添加了具有相同键的项。
   在 System.ThrowHelper.ThrowArgumentException(ExceptionResource resource)
   在 System.Collections.Generic.Dictionary`2.Insert(TKey key, TValue value, Boolean add)
   在 Senparc.NeuChar.ApiBind.ApiBindInfoCollection.Add(MethodInfo method, ApiBindAttribute apiBindAttr)
   在 Senparc.NeuChar.Register.RegisterApiBind()

[[[全局日志]]]
[2018/11/30 22:25:30.7839]
[线程：1]
日志开始

[[[自动注册扩展缓存完成]]]
[2018/11/30 22:31:04.3156]
[线程：1]
注册总用时：0ms
自动扫描程序集：0个
扩展缓存：

[[[微信扩展缓存注册完成]]]
[2018/11/30 22:31:04.3307]
[线程：1]
微信扩展缓存注册总用时：0ms
扩展缓存：Senparc.Weixin.Cache.LocalContainerCacheStrategy

[[[RegisterApiBind() 自动扫描程序集异常：Senparc.Weixin.MP, Version=16.5.0.0, Culture=neutral, PublicKeyToken=null]]]
[2018/11/30 22:31:04.6760]
[线程：1]
System.ArgumentException: 已添加了具有相同键的项。
   在 System.ThrowHelper.ThrowArgumentException(ExceptionResource resource)
   在 System.Collections.Generic.Dictionary`2.Insert(TKey key, TValue value, Boolean add)
   在 Senparc.NeuChar.ApiBind.ApiBindInfoCollection.Add(MethodInfo method, ApiBindAttribute apiBindAttr)
   在 Senparc.NeuChar.Register.RegisterApiBind()

[[[全局日志]]]
[2018/11/30 22:31:04.8811]
[线程：1]
日志开始

[[[自动注册扩展缓存完成]]]
[2018/11/30 22:33:32.3361]
[线程：1]
注册总用时：0ms
自动扫描程序集：0个
扩展缓存：

[[[微信扩展缓存注册完成]]]
[2018/11/30 22:33:32.3521]
[线程：1]
微信扩展缓存注册总用时：0ms
扩展缓存：Senparc.Weixin.Cache.LocalContainerCacheStrategy

[[[RegisterApiBind() 自动扫描程序集异常：Senparc.Weixin.MP, Version=16.5.0.0, Culture=neutral, PublicKeyToken=null]]]
[2018/11/30 22:33:32.6913]
[线程：1]
System.ArgumentException: 已添加了具有相同键的项。
   在 System.ThrowHelper.ThrowArgumentException(ExceptionResource resource)
   在 System.Collections.Generic.Dictionary`2.Insert(TKey key, TValue value, Boolean add)
   在 Senparc.NeuChar.ApiBind.ApiBindInfoCollection.Add(MethodInfo method, ApiBindAttribute apiBindAttr)
   在 Senparc.NeuChar.Register.RegisterApiBind()

[[[全局日志]]]
[2018/11/30 22:33:32.9045]
[线程：1]
日志开始

[[[自动注册扩展缓存完成]]]
[2018/11/30 22:37:11.4779]
[线程：1]
注册总用时：0ms
自动扫描程序集：0个
扩展缓存：

[[[微信扩展缓存注册完成]]]
[2018/11/30 22:37:11.4839]
[线程：1]
微信扩展缓存注册总用时：0ms
扩展缓存：Senparc.Weixin.Cache.LocalContainerCacheStrategy

[[[RegisterApiBind() 自动扫描程序集异常：Microsoft.AspNet.Identity.Owin, Version=2.0.0.0, Culture=neutral, PublicKeyToken=31bf3856ad364e35]]]
[2018/11/30 22:37:11.5260]
[线程：1]
System.Reflection.ReflectionTypeLoadException: 无法加载一个或多个请求的类型。有关更多信息，请检索 LoaderExceptions 属性。
   在 System.Reflection.RuntimeModule.GetTypes(RuntimeModule module)
   在 System.Reflection.RuntimeModule.GetTypes()
   在 System.Reflection.Assembly.GetTypes()
   在 Senparc.NeuChar.Register.RegisterApiBind()

[[[RegisterApiBind() 自动扫描程序集异常：Senparc.Weixin.MP, Version=16.5.0.0, Culture=neutral, PublicKeyToken=null]]]
[2018/11/30 22:37:11.5310]
[线程：1]
System.ArgumentException: 已添加了具有相同键的项。
   在 System.ThrowHelper.ThrowArgumentException(ExceptionResource resource)
   在 System.Collections.Generic.Dictionary`2.Insert(TKey key, TValue value, Boolean add)
   在 Senparc.NeuChar.ApiBind.ApiBindInfoCollection.Add(MethodInfo method, ApiBindAttribute apiBindAttr)
   在 Senparc.NeuChar.Register.RegisterApiBind()

[[[全局日志]]]
[2018/11/30 22:37:11.6992]
[线程：1]
日志开始

[[[自动注册扩展缓存完成]]]
[2018/11/30 22:38:09.1540]
[线程：1]
注册总用时：0ms
自动扫描程序集：0个
扩展缓存：

[[[微信扩展缓存注册完成]]]
[2018/11/30 22:38:09.1600]
[线程：1]
微信扩展缓存注册总用时：0ms
扩展缓存：Senparc.Weixin.Cache.LocalContainerCacheStrategy

[[[RegisterApiBind() 自动扫描程序集异常：Microsoft.AspNet.Identity.Owin, Version=2.0.0.0, Culture=neutral, PublicKeyToken=31bf3856ad364e35]]]
[2018/11/30 22:38:09.2110]
[线程：1]
System.Reflection.ReflectionTypeLoadException: 无法加载一个或多个请求的类型。有关更多信息，请检索 LoaderExceptions 属性。
   在 System.Reflection.RuntimeModule.GetTypes(RuntimeModule module)
   在 System.Reflection.RuntimeModule.GetTypes()
   在 System.Reflection.Assembly.GetTypes()
   在 Senparc.NeuChar.Register.RegisterApiBind()

[[[RegisterApiBind() 自动扫描程序集异常：Senparc.Weixin.MP, Version=16.5.0.0, Culture=neutral, PublicKeyToken=null]]]
[2018/11/30 22:38:09.2180]
[线程：1]
System.ArgumentException: 已添加了具有相同键的项。
   在 System.ThrowHelper.ThrowArgumentException(ExceptionResource resource)
   在 System.Collections.Generic.Dictionary`2.Insert(TKey key, TValue value, Boolean add)
   在 Senparc.NeuChar.ApiBind.ApiBindInfoCollection.Add(MethodInfo method, ApiBindAttribute apiBindAttr)
   在 Senparc.NeuChar.Register.RegisterApiBind()

[[[全局日志]]]
[2018/11/30 22:38:09.3952]
[线程：1]
日志开始

[[[自动注册扩展缓存完成]]]
[2018/11/30 22:40:54.2584]
[线程：1]
注册总用时：0ms
自动扫描程序集：0个
扩展缓存：

[[[微信扩展缓存注册完成]]]
[2018/11/30 22:40:54.2634]
[线程：1]
微信扩展缓存注册总用时：0ms
扩展缓存：Senparc.Weixin.Cache.LocalContainerCacheStrategy

[[[RegisterApiBind() 自动扫描程序集异常：Microsoft.AspNet.Identity.Owin, Version=2.0.0.0, Culture=neutral, PublicKeyToken=31bf3856ad364e35]]]
[2018/11/30 22:40:54.3054]
[线程：1]
System.Reflection.ReflectionTypeLoadException: 无法加载一个或多个请求的类型。有关更多信息，请检索 LoaderExceptions 属性。
   在 System.Reflection.RuntimeModule.GetTypes(RuntimeModule module)
   在 System.Reflection.RuntimeModule.GetTypes()
   在 System.Reflection.Assembly.GetTypes()
   在 Senparc.NeuChar.Register.RegisterApiBind()

[[[RegisterApiBind() 自动扫描程序集异常：Senparc.Weixin.MP, Version=16.5.0.0, Culture=neutral, PublicKeyToken=null]]]
[2018/11/30 22:40:54.3105]
[线程：1]
System.ArgumentException: 已添加了具有相同键的项。
   在 System.ThrowHelper.ThrowArgumentException(ExceptionResource resource)
   在 System.Collections.Generic.Dictionary`2.Insert(TKey key, TValue value, Boolean add)
   在 Senparc.NeuChar.ApiBind.ApiBindInfoCollection.Add(MethodInfo method, ApiBindAttribute apiBindAttr)
   在 Senparc.NeuChar.Register.RegisterApiBind()

[[[全局日志]]]
[2018/11/30 22:40:54.4944]
[线程：1]
日志开始

[[[自动注册扩展缓存完成]]]
[2018/11/30 22:54:59.9526]
[线程：1]
注册总用时：0ms
自动扫描程序集：0个
扩展缓存：

[[[微信扩展缓存注册完成]]]
[2018/11/30 22:54:59.9576]
[线程：1]
微信扩展缓存注册总用时：0ms
扩展缓存：Senparc.Weixin.Cache.LocalContainerCacheStrategy

[[[RegisterApiBind() 自动扫描程序集异常：Microsoft.AspNet.Identity.Owin, Version=2.0.0.0, Culture=neutral, PublicKeyToken=31bf3856ad364e35]]]
[2018/11/30 22:55:00.0016]
[线程：1]
System.Reflection.ReflectionTypeLoadException: 无法加载一个或多个请求的类型。有关更多信息，请检索 LoaderExceptions 属性。
   在 System.Reflection.RuntimeModule.GetTypes(RuntimeModule module)
   在 System.Reflection.RuntimeModule.GetTypes()
   在 System.Reflection.Assembly.GetTypes()
   在 Senparc.NeuChar.Register.RegisterApiBind()

[[[RegisterApiBind() 自动扫描程序集异常：Senparc.Weixin.MP, Version=16.5.0.0, Culture=neutral, PublicKeyToken=null]]]
[2018/11/30 22:55:00.0096]
[线程：1]
System.ArgumentException: 已添加了具有相同键的项。
   在 System.ThrowHelper.ThrowArgumentException(ExceptionResource resource)
   在 System.Collections.Generic.Dictionary`2.Insert(TKey key, TValue value, Boolean add)
   在 Senparc.NeuChar.ApiBind.ApiBindInfoCollection.Add(MethodInfo method, ApiBindAttribute apiBindAttr)
   在 Senparc.NeuChar.Register.RegisterApiBind()

[[[全局日志]]]
[2018/11/30 22:55:00.2100]
[线程：1]
日志开始

[[[自动注册扩展缓存完成]]]
[2018/11/30 22:56:03.4385]
[线程：1]
注册总用时：0ms
自动扫描程序集：0个
扩展缓存：

[[[微信扩展缓存注册完成]]]
[2018/11/30 22:56:03.4435]
[线程：1]
微信扩展缓存注册总用时：0ms
扩展缓存：Senparc.Weixin.Cache.LocalContainerCacheStrategy

[[[RegisterApiBind() 自动扫描程序集异常：Microsoft.AspNet.Identity.Owin, Version=2.0.0.0, Culture=neutral, PublicKeyToken=31bf3856ad364e35]]]
[2018/11/30 22:56:03.4866]
[线程：1]
System.Reflection.ReflectionTypeLoadException: 无法加载一个或多个请求的类型。有关更多信息，请检索 LoaderExceptions 属性。
   在 System.Reflection.RuntimeModule.GetTypes(RuntimeModule module)
   在 System.Reflection.RuntimeModule.GetTypes()
   在 System.Reflection.Assembly.GetTypes()
   在 Senparc.NeuChar.Register.RegisterApiBind()

[[[RegisterApiBind() 自动扫描程序集异常：Senparc.Weixin.MP, Version=16.5.0.0, Culture=neutral, PublicKeyToken=null]]]
[2018/11/30 22:56:03.4921]
[线程：1]
System.ArgumentException: 已添加了具有相同键的项。
   在 System.ThrowHelper.ThrowArgumentException(ExceptionResource resource)
   在 System.Collections.Generic.Dictionary`2.Insert(TKey key, TValue value, Boolean add)
   在 Senparc.NeuChar.ApiBind.ApiBindInfoCollection.Add(MethodInfo method, ApiBindAttribute apiBindAttr)
   在 Senparc.NeuChar.Register.RegisterApiBind()

[[[全局日志]]]
[2018/11/30 22:56:03.6742]
[线程：1]
日志开始

[[[自动注册扩展缓存完成]]]
[2018/11/30 22:58:32.1481]
[线程：1]
注册总用时：0ms
自动扫描程序集：0个
扩展缓存：

[[[微信扩展缓存注册完成]]]
[2018/11/30 22:58:32.1531]
[线程：1]
微信扩展缓存注册总用时：0ms
扩展缓存：Senparc.Weixin.Cache.LocalContainerCacheStrategy

[[[RegisterApiBind() 自动扫描程序集异常：Microsoft.AspNet.Identity.Owin, Version=2.0.0.0, Culture=neutral, PublicKeyToken=31bf3856ad364e35]]]
[2018/11/30 22:58:32.1961]
[线程：1]
System.Reflection.ReflectionTypeLoadException: 无法加载一个或多个请求的类型。有关更多信息，请检索 LoaderExceptions 属性。
   在 System.Reflection.RuntimeModule.GetTypes(RuntimeModule module)
   在 System.Reflection.RuntimeModule.GetTypes()
   在 System.Reflection.Assembly.GetTypes()
   在 Senparc.NeuChar.Register.RegisterApiBind()

[[[RegisterApiBind() 自动扫描程序集异常：Senparc.Weixin.MP, Version=16.5.0.0, Culture=neutral, PublicKeyToken=null]]]
[2018/11/30 22:58:32.2021]
[线程：1]
System.ArgumentException: 已添加了具有相同键的项。
   在 System.ThrowHelper.ThrowArgumentException(ExceptionResource resource)
   在 System.Collections.Generic.Dictionary`2.Insert(TKey key, TValue value, Boolean add)
   在 Senparc.NeuChar.ApiBind.ApiBindInfoCollection.Add(MethodInfo method, ApiBindAttribute apiBindAttr)
   在 Senparc.NeuChar.Register.RegisterApiBind()

[[[全局日志]]]
[2018/11/30 22:58:32.3808]
[线程：1]
日志开始

[[[自动注册扩展缓存完成]]]
[2018/11/30 23:05:31.1955]
[线程：1]
注册总用时：0ms
自动扫描程序集：0个
扩展缓存：

[[[微信扩展缓存注册完成]]]
[2018/11/30 23:05:31.2005]
[线程：1]
微信扩展缓存注册总用时：0ms
扩展缓存：Senparc.Weixin.Cache.LocalContainerCacheStrategy

[[[RegisterApiBind() 自动扫描程序集异常：Microsoft.AspNet.Identity.Owin, Version=2.0.0.0, Culture=neutral, PublicKeyToken=31bf3856ad364e35]]]
[2018/11/30 23:05:31.2485]
[线程：1]
System.Reflection.ReflectionTypeLoadException: 无法加载一个或多个请求的类型。有关更多信息，请检索 LoaderExceptions 属性。
   在 System.Reflection.RuntimeModule.GetTypes(RuntimeModule module)
   在 System.Reflection.RuntimeModule.GetTypes()
   在 System.Reflection.Assembly.GetTypes()
   在 Senparc.NeuChar.Register.RegisterApiBind()

[[[RegisterApiBind() 自动扫描程序集异常：Senparc.Weixin.MP, Version=16.5.0.0, Culture=neutral, PublicKeyToken=null]]]
[2018/11/30 23:05:31.2545]
[线程：1]
System.ArgumentException: 已添加了具有相同键的项。
   在 System.ThrowHelper.ThrowArgumentException(ExceptionResource resource)
   在 System.Collections.Generic.Dictionary`2.Insert(TKey key, TValue value, Boolean add)
   在 Senparc.NeuChar.ApiBind.ApiBindInfoCollection.Add(MethodInfo method, ApiBindAttribute apiBindAttr)
   在 Senparc.NeuChar.Register.RegisterApiBind()

[[[全局日志]]]
[2018/11/30 23:05:31.4388]
[线程：1]
日志开始

[[[自动注册扩展缓存完成]]]
[2018/11/30 23:30:13.8311]
[线程：1]
注册总用时：0ms
自动扫描程序集：0个
扩展缓存：

[[[微信扩展缓存注册完成]]]
[2018/11/30 23:30:13.8371]
[线程：1]
微信扩展缓存注册总用时：0ms
扩展缓存：Senparc.Weixin.Cache.LocalContainerCacheStrategy

[[[RegisterApiBind() 自动扫描程序集异常：Microsoft.AspNet.Identity.Owin, Version=2.0.0.0, Culture=neutral, PublicKeyToken=31bf3856ad364e35]]]
[2018/11/30 23:30:13.8882]
[线程：1]
System.Reflection.ReflectionTypeLoadException: 无法加载一个或多个请求的类型。有关更多信息，请检索 LoaderExceptions 属性。
   在 System.Reflection.RuntimeModule.GetTypes(RuntimeModule module)
   在 System.Reflection.RuntimeModule.GetTypes()
   在 System.Reflection.Assembly.GetTypes()
   在 Senparc.NeuChar.Register.RegisterApiBind()

[[[RegisterApiBind() 自动扫描程序集异常：Senparc.Weixin.MP, Version=16.5.0.0, Culture=neutral, PublicKeyToken=null]]]
[2018/11/30 23:30:13.8952]
[线程：1]
System.ArgumentException: 已添加了具有相同键的项。
   在 System.ThrowHelper.ThrowArgumentException(ExceptionResource resource)
   在 System.Collections.Generic.Dictionary`2.Insert(TKey key, TValue value, Boolean add)
   在 Senparc.NeuChar.ApiBind.ApiBindInfoCollection.Add(MethodInfo method, ApiBindAttribute apiBindAttr)
   在 Senparc.NeuChar.Register.RegisterApiBind()

[[[全局日志]]]
[2018/11/30 23:30:14.0701]
[线程：1]
日志开始

[[[自动注册扩展缓存完成]]]
[2018/11/30 23:30:26.9442]
[线程：1]
注册总用时：0ms
自动扫描程序集：0个
扩展缓存：

[[[微信扩展缓存注册完成]]]
[2018/11/30 23:30:26.9592]
[线程：1]
微信扩展缓存注册总用时：0ms
扩展缓存：Senparc.Weixin.Cache.LocalContainerCacheStrategy

[[[RegisterApiBind() 自动扫描程序集异常：Senparc.Weixin.MP, Version=16.5.0.0, Culture=neutral, PublicKeyToken=null]]]
[2018/11/30 23:30:27.3048]
[线程：1]
System.ArgumentException: 已添加了具有相同键的项。
   在 System.ThrowHelper.ThrowArgumentException(ExceptionResource resource)
   在 System.Collections.Generic.Dictionary`2.Insert(TKey key, TValue value, Boolean add)
   在 Senparc.NeuChar.ApiBind.ApiBindInfoCollection.Add(MethodInfo method, ApiBindAttribute apiBindAttr)
   在 Senparc.NeuChar.Register.RegisterApiBind()

[[[全局日志]]]
[2018/11/30 23:30:27.5104]
[线程：1]
日志开始

[[[自动注册扩展缓存完成]]]
[2018/11/30 23:30:41.7178]
[线程：1]
注册总用时：0ms
自动扫描程序集：0个
扩展缓存：

[[[微信扩展缓存注册完成]]]
[2018/11/30 23:30:41.7238]
[线程：1]
微信扩展缓存注册总用时：0ms
扩展缓存：Senparc.Weixin.Cache.LocalContainerCacheStrategy

[[[RegisterApiBind() 自动扫描程序集异常：Microsoft.AspNet.Identity.Owin, Version=2.0.0.0, Culture=neutral, PublicKeyToken=31bf3856ad364e35]]]
[2018/11/30 23:30:41.7679]
[线程：1]
System.Reflection.ReflectionTypeLoadException: 无法加载一个或多个请求的类型。有关更多信息，请检索 LoaderExceptions 属性。
   在 System.Reflection.RuntimeModule.GetTypes(RuntimeModule module)
   在 System.Reflection.RuntimeModule.GetTypes()
   在 System.Reflection.Assembly.GetTypes()
   在 Senparc.NeuChar.Register.RegisterApiBind()

[[[RegisterApiBind() 自动扫描程序集异常：Senparc.Weixin.MP, Version=16.5.0.0, Culture=neutral, PublicKeyToken=null]]]
[2018/11/30 23:30:41.7739]
[线程：1]
System.ArgumentException: 已添加了具有相同键的项。
   在 System.ThrowHelper.ThrowArgumentException(ExceptionResource resource)
   在 System.Collections.Generic.Dictionary`2.Insert(TKey key, TValue value, Boolean add)
   在 Senparc.NeuChar.ApiBind.ApiBindInfoCollection.Add(MethodInfo method, ApiBindAttribute apiBindAttr)
   在 Senparc.NeuChar.Register.RegisterApiBind()

[[[全局日志]]]
[2018/11/30 23:30:41.9530]
[线程：1]
日志开始

[[[自动注册扩展缓存完成]]]
[2018/11/30 23:35:55.2271]
[线程：1]
注册总用时：0ms
自动扫描程序集：0个
扩展缓存：

[[[微信扩展缓存注册完成]]]
[2018/11/30 23:35:55.2421]
[线程：1]
微信扩展缓存注册总用时：0ms
扩展缓存：Senparc.Weixin.Cache.LocalContainerCacheStrategy

[[[RegisterApiBind() 自动扫描程序集异常：Senparc.Weixin.MP, Version=16.5.0.0, Culture=neutral, PublicKeyToken=null]]]
[2018/11/30 23:35:55.5765]
[线程：1]
System.ArgumentException: 已添加了具有相同键的项。
   在 System.ThrowHelper.ThrowArgumentException(ExceptionResource resource)
   在 System.Collections.Generic.Dictionary`2.Insert(TKey key, TValue value, Boolean add)
   在 Senparc.NeuChar.ApiBind.ApiBindInfoCollection.Add(MethodInfo method, ApiBindAttribute apiBindAttr)
   在 Senparc.NeuChar.Register.RegisterApiBind()

[[[全局日志]]]
[2018/11/30 23:35:55.7677]
[线程：1]
日志开始

[[[自动注册扩展缓存完成]]]
[2018/11/30 23:54:55.2189]
[线程：1]
注册总用时：0ms
自动扫描程序集：0个
扩展缓存：

[[[微信扩展缓存注册完成]]]
[2018/11/30 23:54:55.2250]
[线程：1]
微信扩展缓存注册总用时：0ms
扩展缓存：Senparc.Weixin.Cache.LocalContainerCacheStrategy

[[[RegisterApiBind() 自动扫描程序集异常：Microsoft.AspNet.Identity.Owin, Version=2.0.0.0, Culture=neutral, PublicKeyToken=31bf3856ad364e35]]]
[2018/11/30 23:54:55.2725]
[线程：1]
System.Reflection.ReflectionTypeLoadException: 无法加载一个或多个请求的类型。有关更多信息，请检索 LoaderExceptions 属性。
   在 System.Reflection.RuntimeModule.GetTypes(RuntimeModule module)
   在 System.Reflection.RuntimeModule.GetTypes()
   在 System.Reflection.Assembly.GetTypes()
   在 Senparc.NeuChar.Register.RegisterApiBind()

[[[RegisterApiBind() 自动扫描程序集异常：Senparc.Weixin.MP, Version=16.5.0.0, Culture=neutral, PublicKeyToken=null]]]
[2018/11/30 23:54:55.2785]
[线程：1]
System.ArgumentException: 已添加了具有相同键的项。
   在 System.ThrowHelper.ThrowArgumentException(ExceptionResource resource)
   在 System.Collections.Generic.Dictionary`2.Insert(TKey key, TValue value, Boolean add)
   在 Senparc.NeuChar.ApiBind.ApiBindInfoCollection.Add(MethodInfo method, ApiBindAttribute apiBindAttr)
   在 Senparc.NeuChar.Register.RegisterApiBind()

[[[全局日志]]]
[2018/11/30 23:54:55.4627]
[线程：1]
日志开始

