[[[自动注册扩展缓存完成]]]
[2018/12/02 12:22:21.3473]
[线程：1]
注册总用时：0ms
自动扫描程序集：0个
扩展缓存：

[[[微信扩展缓存注册完成]]]
[2018/12/02 12:22:21.3523]
[线程：1]
微信扩展缓存注册总用时：0ms
扩展缓存：Senparc.Weixin.Cache.LocalContainerCacheStrategy

[[[RegisterApiBind() 自动扫描程序集异常：Microsoft.AspNet.Identity.Owin, Version=2.0.0.0, Culture=neutral, PublicKeyToken=31bf3856ad364e35]]]
[2018/12/02 12:22:21.3983]
[线程：1]
System.Reflection.ReflectionTypeLoadException: 无法加载一个或多个请求的类型。有关更多信息，请检索 LoaderExceptions 属性。
   在 System.Reflection.RuntimeModule.GetTypes(RuntimeModule module)
   在 System.Reflection.RuntimeModule.GetTypes()
   在 System.Reflection.Assembly.GetTypes()
   在 Senparc.NeuChar.Register.RegisterApiBind()

[[[RegisterApiBind() 自动扫描程序集异常：Senparc.Weixin.MP, Version=16.5.0.0, Culture=neutral, PublicKeyToken=null]]]
[2018/12/02 12:22:21.4054]
[线程：1]
System.ArgumentException: 已添加了具有相同键的项。
   在 System.ThrowHelper.ThrowArgumentException(ExceptionResource resource)
   在 System.Collections.Generic.Dictionary`2.Insert(TKey key, TValue value, Boolean add)
   在 Senparc.NeuChar.ApiBind.ApiBindInfoCollection.Add(MethodInfo method, ApiBindAttribute apiBindAttr)
   在 Senparc.NeuChar.Register.RegisterApiBind()

[[[全局日志]]]
[2018/12/02 12:22:21.7324]
[线程：1]
日志开始

[[[自动注册扩展缓存完成]]]
[2018/12/02 12:25:07.8770]
[线程：1]
注册总用时：0ms
自动扫描程序集：0个
扩展缓存：

[[[微信扩展缓存注册完成]]]
[2018/12/02 12:25:07.8820]
[线程：1]
微信扩展缓存注册总用时：0ms
扩展缓存：Senparc.Weixin.Cache.LocalContainerCacheStrategy

[[[RegisterApiBind() 自动扫描程序集异常：Microsoft.AspNet.Identity.Owin, Version=2.0.0.0, Culture=neutral, PublicKeyToken=31bf3856ad364e35]]]
[2018/12/02 12:25:07.9260]
[线程：1]
System.Reflection.ReflectionTypeLoadException: 无法加载一个或多个请求的类型。有关更多信息，请检索 LoaderExceptions 属性。
   在 System.Reflection.RuntimeModule.GetTypes(RuntimeModule module)
   在 System.Reflection.RuntimeModule.GetTypes()
   在 System.Reflection.Assembly.GetTypes()
   在 Senparc.NeuChar.Register.RegisterApiBind()

[[[RegisterApiBind() 自动扫描程序集异常：Senparc.Weixin.MP, Version=16.5.0.0, Culture=neutral, PublicKeyToken=null]]]
[2018/12/02 12:25:07.9320]
[线程：1]
System.ArgumentException: 已添加了具有相同键的项。
   在 System.ThrowHelper.ThrowArgumentException(ExceptionResource resource)
   在 System.Collections.Generic.Dictionary`2.Insert(TKey key, TValue value, Boolean add)
   在 Senparc.NeuChar.ApiBind.ApiBindInfoCollection.Add(MethodInfo method, ApiBindAttribute apiBindAttr)
   在 Senparc.NeuChar.Register.RegisterApiBind()

[[[全局日志]]]
[2018/12/02 12:25:08.1062]
[线程：1]
日志开始

