
[[[自动注册扩展缓存完成]]]
[2018/11/18 20:18:28]
[线程：1]
    注册总用时：0ms
自动扫描程序集：0个
扩展缓存：

[[[微信扩展缓存注册完成]]]
[2018/11/18 20:18:28]
[线程：1]
    微信扩展缓存注册总用时：0ms
扩展缓存：Senparc.Weixin.Cache.LocalContainerCacheStrategy

[[[RegisterApiBind() 自动扫描程序集异常：Senparc.Weixin.MP, Version=16.4.12.1, Culture=neutral, PublicKeyToken=null]]]
[2018/11/18 20:18:28]
[线程：1]
    System.ArgumentException: 已添加了具有相同键的项。
   在 System.ThrowHelper.ThrowArgumentException(ExceptionResource resource)
   在 System.Collections.Generic.Dictionary`2.Insert(TKey key, TValue value, Boolean add)
   在 Senparc.NeuChar.ApiBind.ApiBindInfoCollection.Add(MethodInfo method, ApiBindAttribute apiBindAttr)
   在 Senparc.NeuChar.Register.RegisterApiBind()

[[[自动注册扩展缓存完成]]]
[2018/11/18 20:23:51]
[线程：1]
    注册总用时：0ms
自动扫描程序集：0个
扩展缓存：

[[[微信扩展缓存注册完成]]]
[2018/11/18 20:24:55]
[线程：1]
    微信扩展缓存注册总用时：0ms
扩展缓存：Senparc.Weixin.Cache.LocalContainerCacheStrategy

[[[RegisterApiBind() 自动扫描程序集异常：Senparc.Weixin.MP, Version=16.4.12.1, Culture=neutral, PublicKeyToken=null]]]
[2018/11/18 20:24:55]
[线程：1]
    System.ArgumentException: 已添加了具有相同键的项。
   在 System.ThrowHelper.ThrowArgumentException(ExceptionResource resource)
   在 System.Collections.Generic.Dictionary`2.Insert(TKey key, TValue value, Boolean add)
   在 Senparc.NeuChar.ApiBind.ApiBindInfoCollection.Add(MethodInfo method, ApiBindAttribute apiBindAttr)
   在 Senparc.NeuChar.Register.RegisterApiBind()

[[[自动注册扩展缓存完成]]]
[2018/11/18 20:27:40]
[线程：1]
    注册总用时：0ms
自动扫描程序集：0个
扩展缓存：

[[[微信扩展缓存注册完成]]]
[2018/11/18 20:27:40]
[线程：1]
    微信扩展缓存注册总用时：0ms
扩展缓存：Senparc.Weixin.Cache.LocalContainerCacheStrategy

[[[RegisterApiBind() 自动扫描程序集异常：Senparc.Weixin.MP, Version=16.4.12.1, Culture=neutral, PublicKeyToken=null]]]
[2018/11/18 20:27:40]
[线程：1]
    System.ArgumentException: 已添加了具有相同键的项。
   在 System.ThrowHelper.ThrowArgumentException(ExceptionResource resource)
   在 System.Collections.Generic.Dictionary`2.Insert(TKey key, TValue value, Boolean add)
   在 Senparc.NeuChar.ApiBind.ApiBindInfoCollection.Add(MethodInfo method, ApiBindAttribute apiBindAttr)
   在 Senparc.NeuChar.Register.RegisterApiBind()

[[[自动注册扩展缓存完成]]]
[2018/11/18 20:28:53]
[线程：1]
    注册总用时：0ms
自动扫描程序集：0个
扩展缓存：

[[[微信扩展缓存注册完成]]]
[2018/11/18 20:28:53]
[线程：1]
    微信扩展缓存注册总用时：0ms
扩展缓存：Senparc.Weixin.Cache.LocalContainerCacheStrategy

[[[RegisterApiBind() 自动扫描程序集异常：Senparc.Weixin.MP, Version=16.4.12.1, Culture=neutral, PublicKeyToken=null]]]
[2018/11/18 20:28:53]
[线程：1]
    System.ArgumentException: 已添加了具有相同键的项。
   在 System.ThrowHelper.ThrowArgumentException(ExceptionResource resource)
   在 System.Collections.Generic.Dictionary`2.Insert(TKey key, TValue value, Boolean add)
   在 Senparc.NeuChar.ApiBind.ApiBindInfoCollection.Add(MethodInfo method, ApiBindAttribute apiBindAttr)
   在 Senparc.NeuChar.Register.RegisterApiBind()

[[[自动注册扩展缓存完成]]]
[2018/11/18 20:39:17]
[线程：1]
    注册总用时：0ms
自动扫描程序集：0个
扩展缓存：

[[[微信扩展缓存注册完成]]]
[2018/11/18 20:39:17]
[线程：1]
    微信扩展缓存注册总用时：0ms
扩展缓存：Senparc.Weixin.Cache.LocalContainerCacheStrategy

[[[RegisterApiBind() 自动扫描程序集异常：Senparc.Weixin.MP, Version=16.4.12.1, Culture=neutral, PublicKeyToken=null]]]
[2018/11/18 20:39:17]
[线程：1]
    System.ArgumentException: 已添加了具有相同键的项。
   在 System.ThrowHelper.ThrowArgumentException(ExceptionResource resource)
   在 System.Collections.Generic.Dictionary`2.Insert(TKey key, TValue value, Boolean add)
   在 Senparc.NeuChar.ApiBind.ApiBindInfoCollection.Add(MethodInfo method, ApiBindAttribute apiBindAttr)
   在 Senparc.NeuChar.Register.RegisterApiBind()

[[[自动注册扩展缓存完成]]]
[2018/11/18 20:52:48]
[线程：1]
    注册总用时：0ms
自动扫描程序集：0个
扩展缓存：

[[[微信扩展缓存注册完成]]]
[2018/11/18 20:52:48]
[线程：1]
    微信扩展缓存注册总用时：0ms
扩展缓存：Senparc.Weixin.Cache.LocalContainerCacheStrategy

[[[RegisterApiBind() 自动扫描程序集异常：Senparc.Weixin.MP, Version=16.4.12.1, Culture=neutral, PublicKeyToken=null]]]
[2018/11/18 20:52:48]
[线程：1]
    System.ArgumentException: 已添加了具有相同键的项。
   在 System.ThrowHelper.ThrowArgumentException(ExceptionResource resource)
   在 System.Collections.Generic.Dictionary`2.Insert(TKey key, TValue value, Boolean add)
   在 Senparc.NeuChar.ApiBind.ApiBindInfoCollection.Add(MethodInfo method, ApiBindAttribute apiBindAttr)
   在 Senparc.NeuChar.Register.RegisterApiBind()

[[[自动注册扩展缓存完成]]]
[2018/11/18 20:57:08]
[线程：1]
    注册总用时：0ms
自动扫描程序集：0个
扩展缓存：

[[[微信扩展缓存注册完成]]]
[2018/11/18 20:57:08]
[线程：1]
    微信扩展缓存注册总用时：0ms
扩展缓存：Senparc.Weixin.Cache.LocalContainerCacheStrategy

[[[RegisterApiBind() 自动扫描程序集异常：Senparc.Weixin.MP, Version=16.4.12.1, Culture=neutral, PublicKeyToken=null]]]
[2018/11/18 20:57:08]
[线程：1]
    System.ArgumentException: 已添加了具有相同键的项。
   在 System.ThrowHelper.ThrowArgumentException(ExceptionResource resource)
   在 System.Collections.Generic.Dictionary`2.Insert(TKey key, TValue value, Boolean add)
   在 Senparc.NeuChar.ApiBind.ApiBindInfoCollection.Add(MethodInfo method, ApiBindAttribute apiBindAttr)
   在 Senparc.NeuChar.Register.RegisterApiBind()

[[[自动注册扩展缓存完成]]]
[2018/11/18 20:58:09]
[线程：1]
    注册总用时：0ms
自动扫描程序集：0个
扩展缓存：

[[[微信扩展缓存注册完成]]]
[2018/11/18 20:58:09]
[线程：1]
    微信扩展缓存注册总用时：0ms
扩展缓存：Senparc.Weixin.Cache.LocalContainerCacheStrategy

[[[RegisterApiBind() 自动扫描程序集异常：Senparc.Weixin.MP, Version=16.4.12.1, Culture=neutral, PublicKeyToken=null]]]
[2018/11/18 20:58:09]
[线程：1]
    System.ArgumentException: 已添加了具有相同键的项。
   在 System.ThrowHelper.ThrowArgumentException(ExceptionResource resource)
   在 System.Collections.Generic.Dictionary`2.Insert(TKey key, TValue value, Boolean add)
   在 Senparc.NeuChar.ApiBind.ApiBindInfoCollection.Add(MethodInfo method, ApiBindAttribute apiBindAttr)
   在 Senparc.NeuChar.Register.RegisterApiBind()

[[[自动注册扩展缓存完成]]]
[2018/11/18 20:59:34]
[线程：1]
    注册总用时：0ms
自动扫描程序集：0个
扩展缓存：

[[[微信扩展缓存注册完成]]]
[2018/11/18 20:59:34]
[线程：1]
    微信扩展缓存注册总用时：0ms
扩展缓存：Senparc.Weixin.Cache.LocalContainerCacheStrategy

[[[RegisterApiBind() 自动扫描程序集异常：Senparc.Weixin.MP, Version=16.4.12.1, Culture=neutral, PublicKeyToken=null]]]
[2018/11/18 20:59:34]
[线程：1]
    System.ArgumentException: 已添加了具有相同键的项。
   在 System.ThrowHelper.ThrowArgumentException(ExceptionResource resource)
   在 System.Collections.Generic.Dictionary`2.Insert(TKey key, TValue value, Boolean add)
   在 Senparc.NeuChar.ApiBind.ApiBindInfoCollection.Add(MethodInfo method, ApiBindAttribute apiBindAttr)
   在 Senparc.NeuChar.Register.RegisterApiBind()

[[[自动注册扩展缓存完成]]]
[2018/11/18 21:03:07]
[线程：1]
    注册总用时：0ms
自动扫描程序集：0个
扩展缓存：

[[[微信扩展缓存注册完成]]]
[2018/11/18 21:03:07]
[线程：1]
    微信扩展缓存注册总用时：0ms
扩展缓存：Senparc.Weixin.Cache.LocalContainerCacheStrategy

[[[RegisterApiBind() 自动扫描程序集异常：Senparc.Weixin.MP, Version=16.4.12.1, Culture=neutral, PublicKeyToken=null]]]
[2018/11/18 21:03:07]
[线程：1]
    System.ArgumentException: 已添加了具有相同键的项。
   在 System.ThrowHelper.ThrowArgumentException(ExceptionResource resource)
   在 System.Collections.Generic.Dictionary`2.Insert(TKey key, TValue value, Boolean add)
   在 Senparc.NeuChar.ApiBind.ApiBindInfoCollection.Add(MethodInfo method, ApiBindAttribute apiBindAttr)
   在 Senparc.NeuChar.Register.RegisterApiBind()

[[[自动注册扩展缓存完成]]]
[2018/11/18 22:25:35]
[线程：1]
    注册总用时：0ms
自动扫描程序集：0个
扩展缓存：

[[[微信扩展缓存注册完成]]]
[2018/11/18 22:25:35]
[线程：1]
    微信扩展缓存注册总用时：0ms
扩展缓存：Senparc.Weixin.Cache.LocalContainerCacheStrategy

[[[RegisterApiBind() 自动扫描程序集异常：Senparc.Weixin.MP, Version=16.4.12.1, Culture=neutral, PublicKeyToken=null]]]
[2018/11/18 22:25:35]
[线程：1]
    System.ArgumentException: 已添加了具有相同键的项。
   在 System.ThrowHelper.ThrowArgumentException(ExceptionResource resource)
   在 System.Collections.Generic.Dictionary`2.Insert(TKey key, TValue value, Boolean add)
   在 Senparc.NeuChar.ApiBind.ApiBindInfoCollection.Add(MethodInfo method, ApiBindAttribute apiBindAttr)
   在 Senparc.NeuChar.Register.RegisterApiBind()
