[[[自动注册扩展缓存完成]]]
[2018/12/07 22:06:21.1815]
[线程：1]
注册总用时：0ms
自动扫描程序集：0个
扩展缓存：

[[[微信扩展缓存注册完成]]]
[2018/12/07 22:06:21.1875]
[线程：1]
微信扩展缓存注册总用时：0ms
扩展缓存：Senparc.Weixin.Cache.LocalContainerCacheStrategy

[[[RegisterApiBind() 自动扫描程序集异常：Microsoft.AspNet.Identity.Owin, Version=2.0.0.0, Culture=neutral, PublicKeyToken=31bf3856ad364e35]]]
[2018/12/07 22:06:21.2330]
[线程：1]
System.Reflection.ReflectionTypeLoadException: 无法加载一个或多个请求的类型。有关更多信息，请检索 LoaderExceptions 属性。
   在 System.Reflection.RuntimeModule.GetTypes(RuntimeModule module)
   在 System.Reflection.RuntimeModule.GetTypes()
   在 System.Reflection.Assembly.GetTypes()
   在 Senparc.NeuChar.Register.RegisterApiBind()

[[[RegisterApiBind() 自动扫描程序集异常：Senparc.Weixin.MP, Version=16.5.0.0, Culture=neutral, PublicKeyToken=null]]]
[2018/12/07 22:06:21.2401]
[线程：1]
System.ArgumentException: 已添加了具有相同键的项。
   在 System.ThrowHelper.ThrowArgumentException(ExceptionResource resource)
   在 System.Collections.Generic.Dictionary`2.Insert(TKey key, TValue value, Boolean add)
   在 Senparc.NeuChar.ApiBind.ApiBindInfoCollection.Add(MethodInfo method, ApiBindAttribute apiBindAttr)
   在 Senparc.NeuChar.Register.RegisterApiBind()

[[[全局日志]]]
[2018/12/07 22:06:21.5281]
[线程：1]
日志开始

[[[自动注册扩展缓存完成]]]
[2018/12/07 22:29:21.4194]
[线程：1]
注册总用时：0ms
自动扫描程序集：0个
扩展缓存：

[[[微信扩展缓存注册完成]]]
[2018/12/07 22:29:21.4254]
[线程：1]
微信扩展缓存注册总用时：0ms
扩展缓存：Senparc.Weixin.Cache.LocalContainerCacheStrategy

[[[RegisterApiBind() 自动扫描程序集异常：Microsoft.AspNet.Identity.Owin, Version=2.0.0.0, Culture=neutral, PublicKeyToken=31bf3856ad364e35]]]
[2018/12/07 22:29:21.4705]
[线程：1]
System.Reflection.ReflectionTypeLoadException: 无法加载一个或多个请求的类型。有关更多信息，请检索 LoaderExceptions 属性。
   在 System.Reflection.RuntimeModule.GetTypes(RuntimeModule module)
   在 System.Reflection.RuntimeModule.GetTypes()
   在 System.Reflection.Assembly.GetTypes()
   在 Senparc.NeuChar.Register.RegisterApiBind()

[[[RegisterApiBind() 自动扫描程序集异常：Senparc.Weixin.MP, Version=16.5.0.0, Culture=neutral, PublicKeyToken=null]]]
[2018/12/07 22:29:21.4765]
[线程：1]
System.ArgumentException: 已添加了具有相同键的项。
   在 System.ThrowHelper.ThrowArgumentException(ExceptionResource resource)
   在 System.Collections.Generic.Dictionary`2.Insert(TKey key, TValue value, Boolean add)
   在 Senparc.NeuChar.ApiBind.ApiBindInfoCollection.Add(MethodInfo method, ApiBindAttribute apiBindAttr)
   在 Senparc.NeuChar.Register.RegisterApiBind()

[[[全局日志]]]
[2018/12/07 22:29:21.6396]
[线程：1]
日志开始

[[[自动注册扩展缓存完成]]]
[2018/12/07 22:31:08.1217]
[线程：1]
注册总用时：0ms
自动扫描程序集：0个
扩展缓存：

[[[微信扩展缓存注册完成]]]
[2018/12/07 22:31:08.1368]
[线程：1]
微信扩展缓存注册总用时：0ms
扩展缓存：Senparc.Weixin.Cache.LocalContainerCacheStrategy

[[[RegisterApiBind() 自动扫描程序集异常：Senparc.Weixin.MP, Version=16.5.0.0, Culture=neutral, PublicKeyToken=null]]]
[2018/12/07 22:31:08.4638]
[线程：1]
System.ArgumentException: 已添加了具有相同键的项。
   在 System.ThrowHelper.ThrowArgumentException(ExceptionResource resource)
   在 System.Collections.Generic.Dictionary`2.Insert(TKey key, TValue value, Boolean add)
   在 Senparc.NeuChar.ApiBind.ApiBindInfoCollection.Add(MethodInfo method, ApiBindAttribute apiBindAttr)
   在 Senparc.NeuChar.Register.RegisterApiBind()

[[[全局日志]]]
[2018/12/07 22:31:08.6920]
[线程：1]
日志开始

[[[自动注册扩展缓存完成]]]
[2018/12/07 22:32:23.5601]
[线程：1]
注册总用时：0ms
自动扫描程序集：0个
扩展缓存：

[[[微信扩展缓存注册完成]]]
[2018/12/07 22:32:24.2725]
[线程：1]
微信扩展缓存注册总用时：0ms
扩展缓存：Senparc.Weixin.Cache.LocalContainerCacheStrategy

[[[RegisterApiBind() 自动扫描程序集异常：Senparc.Weixin.MP, Version=16.5.0.0, Culture=neutral, PublicKeyToken=null]]]
[2018/12/07 22:32:24.6288]
[线程：1]
System.ArgumentException: 已添加了具有相同键的项。
   在 System.ThrowHelper.ThrowArgumentException(ExceptionResource resource)
   在 System.Collections.Generic.Dictionary`2.Insert(TKey key, TValue value, Boolean add)
   在 Senparc.NeuChar.ApiBind.ApiBindInfoCollection.Add(MethodInfo method, ApiBindAttribute apiBindAttr)
   在 Senparc.NeuChar.Register.RegisterApiBind()

[[[全局日志]]]
[2018/12/07 22:32:27.9447]
[线程：1]
日志开始

[[[自动注册扩展缓存完成]]]
[2018/12/07 22:33:52.6616]
[线程：1]
注册总用时：0ms
自动扫描程序集：0个
扩展缓存：

[[[微信扩展缓存注册完成]]]
[2018/12/07 22:33:52.6677]
[线程：1]
微信扩展缓存注册总用时：0ms
扩展缓存：Senparc.Weixin.Cache.LocalContainerCacheStrategy

[[[RegisterApiBind() 自动扫描程序集异常：Microsoft.AspNet.Identity.Owin, Version=2.0.0.0, Culture=neutral, PublicKeyToken=31bf3856ad364e35]]]
[2018/12/07 22:33:52.7107]
[线程：1]
System.Reflection.ReflectionTypeLoadException: 无法加载一个或多个请求的类型。有关更多信息，请检索 LoaderExceptions 属性。
   在 System.Reflection.RuntimeModule.GetTypes(RuntimeModule module)
   在 System.Reflection.RuntimeModule.GetTypes()
   在 System.Reflection.Assembly.GetTypes()
   在 Senparc.NeuChar.Register.RegisterApiBind()

[[[RegisterApiBind() 自动扫描程序集异常：Senparc.Weixin.MP, Version=16.5.0.0, Culture=neutral, PublicKeyToken=null]]]
[2018/12/07 22:33:52.7167]
[线程：1]
System.ArgumentException: 已添加了具有相同键的项。
   在 System.ThrowHelper.ThrowArgumentException(ExceptionResource resource)
   在 System.Collections.Generic.Dictionary`2.Insert(TKey key, TValue value, Boolean add)
   在 Senparc.NeuChar.ApiBind.ApiBindInfoCollection.Add(MethodInfo method, ApiBindAttribute apiBindAttr)
   在 Senparc.NeuChar.Register.RegisterApiBind()

[[[全局日志]]]
[2018/12/07 22:33:52.8808]
[线程：1]
日志开始

